[ 2015-07-06T14:22:26+08:00 ] 127.0.0.1 /index.php/Content/index
INFO: [ route_check ] --START--
INFO: CheckRoute Behavior ::run [ RunTime:0.001817s ]
INFO: [ route_check ] --END-- [ RunTime:0.002011s ]
INFO: [ app_begin ] --START--
INFO: ReadHtmlCache Behavior ::run [ RunTime:0.010879s ]
INFO: [ app_begin ] --END-- [ RunTime:0.011045s ]
NOTIC: [2048] Declaration of ContentAction::show() should be compatible with that of Action::show() C:\wamp\www\thinkphpProject\mycms\Admin\Lib\Action\ContentAction.class.php 第 3 行.
SQL: SHOW COLUMNS FROM `website` [ RunTime:0.019676s ]
SQL: SELECT * FROM `website` ORDER BY website_id ASC  [ RunTime:0.000552s ]
SQL: SELECT * FROM `website` WHERE ( website_id=1 ) LIMIT 1   [ RunTime:0.000392s ]
SQL: SELECT * FROM `website` WHERE ( `website_id` = 1 ) LIMIT 1   [ RunTime:0.000323s ]
SQL: SHOW COLUMNS FROM `web_baseinfo` [ RunTime:0.022983s ]
SQL: SELECT * FROM `web_baseinfo` WHERE ( `siteid` = '1' )  [ RunTime:0.000494s ]
INFO: [ view_parse ] --START--
SQL: SHOW COLUMNS FROM `cm_table` [ RunTime:0.040039s ]
SQL: SELECT * FROM `cm_table` WHERE ( table_id=25 ) LIMIT 1   [ RunTime:0.005807s ]
SQL: SHOW COLUMNS FROM `advertise` [ RunTime:0.013734s ]
SQL: SELECT COUNT(*) AS tp_count FROM `advertise` WHERE ( siteid=1 AND advertise_id=1 ) ORDER BY advertise_sort ASC,advertise_id DESC LIMIT 1   [ RunTime:0.004882s ]
SQL: SELECT * FROM `advertise` WHERE ( siteid=1 AND advertise_id=1 ) ORDER BY advertise_sort ASC,advertise_id DESC LIMIT 0,100   [ RunTime:0.000441s ]
SQL: SELECT * FROM `cm_table` WHERE ( table_id=25 ) LIMIT 1   [ RunTime:0.000367s ]
SQL: SELECT COUNT(*) AS tp_count FROM `advertise` WHERE ( siteid=1 AND advertise_id=2 ) ORDER BY advertise_sort ASC,advertise_id DESC LIMIT 1   [ RunTime:0.000369s ]
SQL: SELECT * FROM `advertise` WHERE ( siteid=1 AND advertise_id=2 ) ORDER BY advertise_sort ASC,advertise_id DESC LIMIT 0,100   [ RunTime:0.000403s ]
SQL: SELECT * FROM `cm_table` WHERE ( table_id=23 ) LIMIT 1   [ RunTime:0.000362s ]
NOTIC: [2] Missing argument 1 for CMS_M(), called in C:\wamp\www\thinkphpProject\mycms\Admin\Common\Cms.php on line 307 and defined C:\wamp\www\thinkphpProject\mycms\Admin\Common\Cms.php 第 605 行.
NOTIC: [8] Undefined variable: table C:\wamp\www\thinkphpProject\mycms\Admin\Common\Cms.php 第 607 行.
SQL: select * from catalog where FIND_IN_SET(4,positions)  LIMIT  30 [ RunTime:0.018110s ]
NOTIC: [8] Use of undefined constant catalog_id - assumed 'catalog_id' C:\wamp\www\thinkphpProject\mycms\Admin\Runtime\Cache\1624bf6783d241cc41626580f26a7d01.php 第 226 行.
NOTIC: [8] Use of undefined constant cat_id - assumed 'cat_id' C:\wamp\www\thinkphpProject\mycms\Admin\Runtime\Cache\1624bf6783d241cc41626580f26a7d01.php 第 226 行.
SQL: SELECT * FROM `cm_table` WHERE ( table_id=23 ) LIMIT 1   [ RunTime:0.000431s ]
NOTIC: [2] Missing argument 1 for CMS_M(), called in C:\wamp\www\thinkphpProject\mycms\Admin\Common\Cms.php on line 307 and defined C:\wamp\www\thinkphpProject\mycms\Admin\Common\Cms.php 第 605 行.
NOTIC: [8] Undefined variable: table C:\wamp\www\thinkphpProject\mycms\Admin\Common\Cms.php 第 607 行.
SQL: select * from catalog where FIND_IN_SET(5,positions)  LIMIT  30 [ RunTime:0.000430s ]
NOTIC: [8] Use of undefined constant catalog_id - assumed 'catalog_id' C:\wamp\www\thinkphpProject\mycms\Admin\Runtime\Cache\1624bf6783d241cc41626580f26a7d01.php 第 278 行.
NOTIC: [8] Use of undefined constant cat_id - assumed 'cat_id' C:\wamp\www\thinkphpProject\mycms\Admin\Runtime\Cache\1624bf6783d241cc41626580f26a7d01.php 第 278 行.
SQL: SELECT * FROM `cm_table` WHERE ( table_id=23 ) LIMIT 1   [ RunTime:0.000413s ]
NOTIC: [2] Missing argument 1 for CMS_M(), called in C:\wamp\www\thinkphpProject\mycms\Admin\Common\Cms.php on line 307 and defined C:\wamp\www\thinkphpProject\mycms\Admin\Common\Cms.php 第 605 行.
NOTIC: [8] Undefined variable: table C:\wamp\www\thinkphpProject\mycms\Admin\Common\Cms.php 第 607 行.
SQL: select * from catalog where FIND_IN_SET(6,positions)  LIMIT  30 [ RunTime:0.000439s ]
NOTIC: [8] Use of undefined constant catalog_id - assumed 'catalog_id' C:\wamp\www\thinkphpProject\mycms\Admin\Runtime\Cache\1624bf6783d241cc41626580f26a7d01.php 第 332 行.
NOTIC: [8] Use of undefined constant cat_id - assumed 'cat_id' C:\wamp\www\thinkphpProject\mycms\Admin\Runtime\Cache\1624bf6783d241cc41626580f26a7d01.php 第 332 行.
SQL: SELECT * FROM `cm_table` WHERE ( table_id=23 ) LIMIT 1   [ RunTime:0.000368s ]
NOTIC: [2] Missing argument 1 for CMS_M(), called in C:\wamp\www\thinkphpProject\mycms\Admin\Common\Cms.php on line 307 and defined C:\wamp\www\thinkphpProject\mycms\Admin\Common\Cms.php 第 605 行.
NOTIC: [8] Undefined variable: table C:\wamp\www\thinkphpProject\mycms\Admin\Common\Cms.php 第 607 行.
SQL: select * from catalog where FIND_IN_SET(7,positions)  LIMIT  30 [ RunTime:0.000444s ]
NOTIC: [8] Use of undefined constant catalog_id - assumed 'catalog_id' C:\wamp\www\thinkphpProject\mycms\Admin\Runtime\Cache\1624bf6783d241cc41626580f26a7d01.php 第 387 行.
NOTIC: [8] Use of undefined constant cat_id - assumed 'cat_id' C:\wamp\www\thinkphpProject\mycms\Admin\Runtime\Cache\1624bf6783d241cc41626580f26a7d01.php 第 387 行.
SQL: SELECT * FROM `cm_table` WHERE ( table_id=23 ) LIMIT 1   [ RunTime:0.000445s ]
NOTIC: [2] Missing argument 1 for CMS_M(), called in C:\wamp\www\thinkphpProject\mycms\Admin\Common\Cms.php on line 307 and defined C:\wamp\www\thinkphpProject\mycms\Admin\Common\Cms.php 第 605 行.
NOTIC: [8] Undefined variable: table C:\wamp\www\thinkphpProject\mycms\Admin\Common\Cms.php 第 607 行.
SQL: select * from catalog where FIND_IN_SET(8,positions)  LIMIT  30 [ RunTime:0.000455s ]
NOTIC: [8] Use of undefined constant catalog_id - assumed 'catalog_id' C:\wamp\www\thinkphpProject\mycms\Admin\Runtime\Cache\1624bf6783d241cc41626580f26a7d01.php 第 443 行.
NOTIC: [8] Use of undefined constant cat_id - assumed 'cat_id' C:\wamp\www\thinkphpProject\mycms\Admin\Runtime\Cache\1624bf6783d241cc41626580f26a7d01.php 第 443 行.
SQL: SELECT * FROM `cm_table` WHERE ( table_id=20 ) LIMIT 1   [ RunTime:0.000384s ]
NOTIC: [2] Missing argument 1 for CMS_M(), called in C:\wamp\www\thinkphpProject\mycms\Admin\Common\Cms.php on line 307 and defined C:\wamp\www\thinkphpProject\mycms\Admin\Common\Cms.php 第 605 行.
NOTIC: [8] Undefined variable: table C:\wamp\www\thinkphpProject\mycms\Admin\Common\Cms.php 第 607 行.
SQL: select * from product where FIND_IN_SET(9,positions)  LIMIT  4 [ RunTime:0.017921s ]
SQL: SELECT * FROM `cm_table` WHERE ( table_id=20 ) LIMIT 1   [ RunTime:0.000394s ]
NOTIC: [2] Missing argument 1 for CMS_M(), called in C:\wamp\www\thinkphpProject\mycms\Admin\Common\Cms.php on line 307 and defined C:\wamp\www\thinkphpProject\mycms\Admin\Common\Cms.php 第 605 行.
NOTIC: [8] Undefined variable: table C:\wamp\www\thinkphpProject\mycms\Admin\Common\Cms.php 第 607 行.
SQL: select * from product where FIND_IN_SET(10,positions)  LIMIT  4 [ RunTime:0.000529s ]
SQL: SELECT * FROM `cm_table` WHERE ( table_id=20 ) LIMIT 1   [ RunTime:0.001485s ]
NOTIC: [2] Missing argument 1 for CMS_M(), called in C:\wamp\www\thinkphpProject\mycms\Admin\Common\Cms.php on line 307 and defined C:\wamp\www\thinkphpProject\mycms\Admin\Common\Cms.php 第 605 行.
NOTIC: [8] Undefined variable: table C:\wamp\www\thinkphpProject\mycms\Admin\Common\Cms.php 第 607 行.
SQL: select * from product where FIND_IN_SET(11,positions)  LIMIT  4 [ RunTime:0.000586s ]
SQL: SELECT * FROM `cm_table` WHERE ( table_id=20 ) LIMIT 1   [ RunTime:0.000366s ]
NOTIC: [2] Missing argument 1 for CMS_M(), called in C:\wamp\www\thinkphpProject\mycms\Admin\Common\Cms.php on line 307 and defined C:\wamp\www\thinkphpProject\mycms\Admin\Common\Cms.php 第 605 行.
NOTIC: [8] Undefined variable: table C:\wamp\www\thinkphpProject\mycms\Admin\Common\Cms.php 第 607 行.
SQL: select * from product where FIND_IN_SET(12,positions)  LIMIT  4 [ RunTime:0.000264s ]
SQL: SELECT * FROM `cm_table` WHERE ( table_id=20 ) LIMIT 1   [ RunTime:0.000229s ]
NOTIC: [2] Missing argument 1 for CMS_M(), called in C:\wamp\www\thinkphpProject\mycms\Admin\Common\Cms.php on line 307 and defined C:\wamp\www\thinkphpProject\mycms\Admin\Common\Cms.php 第 605 行.
NOTIC: [8] Undefined variable: table C:\wamp\www\thinkphpProject\mycms\Admin\Common\Cms.php 第 607 行.
SQL: select * from product where FIND_IN_SET(13,positions)  LIMIT  4 [ RunTime:0.000400s ]
INFO: ParseTemplate Behavior ::run [ RunTime:0.199924s ]
INFO: [ view_parse ] --END-- [ RunTime:0.200061s ]
INFO: [ view_filter ] --START--
INFO: ContentReplace Behavior ::run [ RunTime:0.000951s ]
INFO: TokenBuild Behavior ::run [ RunTime:0.005356s ]
INFO: WriteHtmlCache Behavior ::run [ RunTime:0.007208s ]
INFO: ShowRuntime Behavior ::run [ RunTime:0.007268s ]
INFO: [ view_filter ] --END-- [ RunTime:0.021084s ]
INFO: [ view_end ] --START--
INFO: ShowPageTrace Behavior ::run [ RunTime:0.000975s ]
INFO: [ view_end ] --END-- [ RunTime:0.001064s ]

[ 2015-07-06T14:24:05+08:00 ] 127.0.0.1 /index.php/Content/lists/cat_id/57
INFO: [ route_check ] --START--
INFO: CheckRoute Behavior ::run [ RunTime:0.001258s ]
INFO: [ route_check ] --END-- [ RunTime:0.001375s ]
INFO: [ app_begin ] --START--
INFO: ReadHtmlCache Behavior ::run [ RunTime:0.000945s ]
INFO: [ app_begin ] --END-- [ RunTime:0.001042s ]
NOTIC: [2048] Declaration of ContentAction::show() should be compatible with that of Action::show() C:\wamp\www\thinkphpProject\mycms\Admin\Lib\Action\ContentAction.class.php 第 3 行.
SQL: SHOW COLUMNS FROM `website` [ RunTime:0.003476s ]
SQL: SELECT * FROM `website` WHERE ( website_id=1 ) LIMIT 1   [ RunTime:0.000276s ]
SQL: SHOW COLUMNS FROM `category` [ RunTime:0.025253s ]
SQL: SELECT * FROM `category` WHERE ( category_id=57 ) LIMIT 1   [ RunTime:0.006356s ]
SQL: SELECT * FROM `category` WHERE ( category_id=47 ) LIMIT 1   [ RunTime:0.000254s ]
SQL: SHOW COLUMNS FROM `web_baseinfo` [ RunTime:0.004063s ]
SQL: SELECT * FROM `web_baseinfo` WHERE ( `siteid` = '1' )  [ RunTime:0.000294s ]
SQL: SELECT * FROM `category` WHERE ( category_id=57 ) LIMIT 1   [ RunTime:0.000253s ]
SQL: SELECT * FROM `category` WHERE ( category_id=47 ) LIMIT 1   [ RunTime:0.000248s ]
SQL: SELECT * FROM `category` WHERE ( category_id=57 ) LIMIT 1   [ RunTime:0.000249s ]
SQL: SELECT * FROM `category` WHERE ( `category_id` = 57 ) LIMIT 1   [ RunTime:0.000315s ]
SQL: SELECT * FROM `category` WHERE ( parent_id=57 ) LIMIT 1   [ RunTime:0.000266s ]
SQL: SELECT * FROM `category` WHERE ( category_id=57 ) LIMIT 1   [ RunTime:0.000220s ]
SQL: SELECT * FROM `category` WHERE ( category_id=47 ) LIMIT 1   [ RunTime:0.000243s ]
SQL: SELECT * FROM `category` WHERE ( category_id=47 ) LIMIT 1   [ RunTime:0.000235s ]
INFO: [ view_parse ] --START--
SQL: SELECT * FROM `category` WHERE ( category_id=57 ) LIMIT 1   [ RunTime:0.000386s ]
SQL: SELECT * FROM `category` WHERE ( category_id=47 ) LIMIT 1   [ RunTime:0.000258s ]
SQL: SELECT * FROM `category` WHERE ( `parent_id` = 47 )  [ RunTime:0.000277s ]
NOTIC: [8] Use of undefined constant category_id - assumed 'category_id' C:\wamp\www\thinkphpProject\mycms\Admin\Runtime\Cache\d54ca0614032a46cc3d815ef1d588f6a.php 第 117 行.
NOTIC: [8] Use of undefined constant category_id - assumed 'category_id' C:\wamp\www\thinkphpProject\mycms\Admin\Runtime\Cache\d54ca0614032a46cc3d815ef1d588f6a.php 第 117 行.
NOTIC: [8] Use of undefined constant category_id - assumed 'category_id' C:\wamp\www\thinkphpProject\mycms\Admin\Runtime\Cache\d54ca0614032a46cc3d815ef1d588f6a.php 第 117 行.
NOTIC: [8] Use of undefined constant category_id - assumed 'category_id' C:\wamp\www\thinkphpProject\mycms\Admin\Runtime\Cache\d54ca0614032a46cc3d815ef1d588f6a.php 第 117 行.
NOTIC: [8] Use of undefined constant category_id - assumed 'category_id' C:\wamp\www\thinkphpProject\mycms\Admin\Runtime\Cache\d54ca0614032a46cc3d815ef1d588f6a.php 第 117 行.
SQL: SHOW COLUMNS FROM `cm_table` [ RunTime:0.003453s ]
SQL: SELECT * FROM `cm_table` WHERE ( table_id=25 ) LIMIT 1   [ RunTime:0.000265s ]
SQL: SHOW COLUMNS FROM `advertise` [ RunTime:0.003377s ]
SQL: SELECT COUNT(*) AS tp_count FROM `advertise` WHERE ( siteid=1 AND advertise_id=3 ) ORDER BY advertise_sort ASC,advertise_id DESC LIMIT 1   [ RunTime:0.000312s ]
SQL: SELECT * FROM `advertise` WHERE ( siteid=1 AND advertise_id=3 ) ORDER BY advertise_sort ASC,advertise_id DESC LIMIT 0,100   [ RunTime:0.000308s ]
NOTIC: [8] Undefined variable: ad_img_url C:\wamp\www\thinkphpProject\mycms\Admin\Runtime\Cache\d54ca0614032a46cc3d815ef1d588f6a.php 第 130 行.
NOTIC: [8] Undefined variable: ad_img_href C:\wamp\www\thinkphpProject\mycms\Admin\Runtime\Cache\d54ca0614032a46cc3d815ef1d588f6a.php 第 130 行.
SQL: SELECT * FROM `category` WHERE ( category_id=57 ) LIMIT 1   [ RunTime:0.000281s ]
SQL: SELECT * FROM `category` WHERE ( `parent_id` = 57 )  [ RunTime:0.000309s ]
SQL: SELECT * FROM `category` WHERE ( category_id=57 ) LIMIT 1   [ RunTime:0.000225s ]
SQL: SELECT * FROM `category` WHERE ( category_id=47 ) LIMIT 1   [ RunTime:0.000218s ]
SQL: SELECT * FROM `category` WHERE ( category_id=47 ) LIMIT 1   [ RunTime:0.000206s ]
SQL: SELECT * FROM `cm_table` WHERE ( table_id=23 ) LIMIT 1   [ RunTime:0.000180s ]
SQL: SHOW COLUMNS FROM `catalog` [ RunTime:0.003095s ]
SQL: SELECT COUNT(*) AS tp_count FROM `catalog` WHERE ( `cat_id` IN ('57') ) ORDER BY catalog_sort ASC LIMIT 1   [ RunTime:0.000261s ]
SQL: SELECT * FROM `catalog` WHERE ( `cat_id` IN ('57') ) ORDER BY catalog_sort ASC LIMIT 0,50   [ RunTime:0.000274s ]
NOTIC: [8] Use of undefined constant catalog_id - assumed 'catalog_id' C:\wamp\www\thinkphpProject\mycms\Admin\Runtime\Cache\d54ca0614032a46cc3d815ef1d588f6a.php 第 143 行.
NOTIC: [8] Use of undefined constant cat_id - assumed 'cat_id' C:\wamp\www\thinkphpProject\mycms\Admin\Runtime\Cache\d54ca0614032a46cc3d815ef1d588f6a.php 第 143 行.
SQL: SHOW COLUMNS FROM `product` [ RunTime:0.004447s ]
SQL: SELECT * FROM `product` WHERE ( `product_id` = 66 ) LIMIT 1   [ RunTime:0.000306s ]
NOTIC: [8] Use of undefined constant catalog_id - assumed 'catalog_id' C:\wamp\www\thinkphpProject\mycms\Admin\Runtime\Cache\d54ca0614032a46cc3d815ef1d588f6a.php 第 143 行.
NOTIC: [8] Use of undefined constant cat_id - assumed 'cat_id' C:\wamp\www\thinkphpProject\mycms\Admin\Runtime\Cache\d54ca0614032a46cc3d815ef1d588f6a.php 第 143 行.
SQL: SELECT * FROM `product` WHERE ( `product_id` = 61 ) LIMIT 1   [ RunTime:0.000219s ]
NOTIC: [8] Use of undefined constant catalog_id - assumed 'catalog_id' C:\wamp\www\thinkphpProject\mycms\Admin\Runtime\Cache\d54ca0614032a46cc3d815ef1d588f6a.php 第 143 行.
NOTIC: [8] Use of undefined constant cat_id - assumed 'cat_id' C:\wamp\www\thinkphpProject\mycms\Admin\Runtime\Cache\d54ca0614032a46cc3d815ef1d588f6a.php 第 143 行.
SQL: SELECT * FROM `product` WHERE ( `product_id` = 64 ) LIMIT 1   [ RunTime:0.000224s ]
NOTIC: [8] Use of undefined constant catalog_id - assumed 'catalog_id' C:\wamp\www\thinkphpProject\mycms\Admin\Runtime\Cache\d54ca0614032a46cc3d815ef1d588f6a.php 第 143 行.
NOTIC: [8] Use of undefined constant cat_id - assumed 'cat_id' C:\wamp\www\thinkphpProject\mycms\Admin\Runtime\Cache\d54ca0614032a46cc3d815ef1d588f6a.php 第 143 行.
SQL: SELECT * FROM `product` WHERE ( `product_id` = 25 ) LIMIT 1   [ RunTime:0.000211s ]
INFO: ParseTemplate Behavior ::run [ RunTime:0.048393s ]
INFO: [ view_parse ] --END-- [ RunTime:0.048486s ]
INFO: [ view_filter ] --START--
INFO: ContentReplace Behavior ::run [ RunTime:0.000775s ]
INFO: TokenBuild Behavior ::run [ RunTime:0.000772s ]
INFO: WriteHtmlCache Behavior ::run [ RunTime:0.000584s ]
INFO: ShowRuntime Behavior ::run [ RunTime:0.000766s ]
INFO: [ view_filter ] --END-- [ RunTime:0.003126s ]
INFO: [ view_end ] --START--
INFO: ShowPageTrace Behavior ::run [ RunTime:0.000893s ]
INFO: [ view_end ] --END-- [ RunTime:0.000976s ]

[ 2015-07-06T14:24:06+08:00 ] 127.0.0.1 /index.php/Content/lists/cat_id/102
INFO: [ route_check ] --START--
INFO: CheckRoute Behavior ::run [ RunTime:0.000839s ]
INFO: [ route_check ] --END-- [ RunTime:0.000938s ]
INFO: [ app_begin ] --START--
INFO: ReadHtmlCache Behavior ::run [ RunTime:0.000677s ]
INFO: [ app_begin ] --END-- [ RunTime:0.000768s ]
NOTIC: [2048] Declaration of ContentAction::show() should be compatible with that of Action::show() C:\wamp\www\thinkphpProject\mycms\Admin\Lib\Action\ContentAction.class.php 第 3 行.
SQL: SHOW COLUMNS FROM `website` [ RunTime:0.003092s ]
SQL: SELECT * FROM `website` WHERE ( website_id=1 ) LIMIT 1   [ RunTime:0.000275s ]
SQL: SHOW COLUMNS FROM `category` [ RunTime:0.003413s ]
SQL: SELECT * FROM `category` WHERE ( category_id=102 ) LIMIT 1   [ RunTime:0.000256s ]
SQL: SELECT * FROM `category` WHERE ( category_id=99 ) LIMIT 1   [ RunTime:0.000185s ]
SQL: SHOW COLUMNS FROM `web_baseinfo` [ RunTime:0.002741s ]
SQL: SELECT * FROM `web_baseinfo` WHERE ( `siteid` = '1' )  [ RunTime:0.000180s ]
SQL: SELECT * FROM `category` WHERE ( category_id=102 ) LIMIT 1   [ RunTime:0.000174s ]
SQL: SELECT * FROM `category` WHERE ( category_id=99 ) LIMIT 1   [ RunTime:0.000164s ]
SQL: SELECT * FROM `category` WHERE ( category_id=102 ) LIMIT 1   [ RunTime:0.000159s ]
SQL: SELECT * FROM `category` WHERE ( `category_id` = 102 ) LIMIT 1   [ RunTime:0.000247s ]
SQL: SELECT * FROM `category` WHERE ( parent_id=102 ) LIMIT 1   [ RunTime:0.000205s ]
SQL: SELECT * FROM `category` WHERE ( category_id=102 ) LIMIT 1   [ RunTime:0.000169s ]
SQL: SELECT * FROM `category` WHERE ( category_id=99 ) LIMIT 1   [ RunTime:0.000161s ]
SQL: SELECT * FROM `category` WHERE ( category_id=99 ) LIMIT 1   [ RunTime:0.000161s ]
INFO: [ view_parse ] --START--
SQL: SELECT * FROM `category` WHERE ( category_id=102 ) LIMIT 1   [ RunTime:0.000387s ]
SQL: SELECT * FROM `category` WHERE ( category_id=99 ) LIMIT 1   [ RunTime:0.000290s ]
SQL: SELECT * FROM `category` WHERE ( `parent_id` = 99 )  [ RunTime:0.000202s ]
NOTIC: [8] Use of undefined constant category_id - assumed 'category_id' C:\wamp\www\thinkphpProject\mycms\Admin\Runtime\Cache\69033357b1b93e96ed4fa3aeb9a2962a.php 第 125 行.
NOTIC: [8] Use of undefined constant category_id - assumed 'category_id' C:\wamp\www\thinkphpProject\mycms\Admin\Runtime\Cache\69033357b1b93e96ed4fa3aeb9a2962a.php 第 125 行.
NOTIC: [8] Use of undefined constant category_id - assumed 'category_id' C:\wamp\www\thinkphpProject\mycms\Admin\Runtime\Cache\69033357b1b93e96ed4fa3aeb9a2962a.php 第 125 行.
NOTIC: [8] Use of undefined constant category_id - assumed 'category_id' C:\wamp\www\thinkphpProject\mycms\Admin\Runtime\Cache\69033357b1b93e96ed4fa3aeb9a2962a.php 第 125 行.
NOTIC: [8] Use of undefined constant category_id - assumed 'category_id' C:\wamp\www\thinkphpProject\mycms\Admin\Runtime\Cache\69033357b1b93e96ed4fa3aeb9a2962a.php 第 125 行.
SQL: SHOW COLUMNS FROM `cm_table` [ RunTime:0.003140s ]
SQL: SELECT * FROM `cm_table` WHERE ( table_id=25 ) LIMIT 1   [ RunTime:0.000302s ]
SQL: SHOW COLUMNS FROM `advertise` [ RunTime:0.002916s ]
SQL: SELECT COUNT(*) AS tp_count FROM `advertise` WHERE ( siteid=1 AND advertise_id=4 ) ORDER BY advertise_sort ASC,advertise_id DESC LIMIT 1   [ RunTime:0.000226s ]
SQL: SELECT * FROM `advertise` WHERE ( siteid=1 AND advertise_id=4 ) ORDER BY advertise_sort ASC,advertise_id DESC LIMIT 0,100   [ RunTime:0.000155s ]
SQL: SELECT * FROM `category` WHERE ( category_id=102 ) LIMIT 1   [ RunTime:0.000160s ]
SQL: SELECT * FROM `category` WHERE ( `parent_id` = 102 )  [ RunTime:0.000169s ]
SQL: SELECT * FROM `category` WHERE ( category_id=102 ) LIMIT 1   [ RunTime:0.000152s ]
SQL: SELECT * FROM `category` WHERE ( category_id=99 ) LIMIT 1   [ RunTime:0.000147s ]
SQL: SELECT * FROM `category` WHERE ( category_id=99 ) LIMIT 1   [ RunTime:0.000149s ]
SQL: SELECT * FROM `cm_table` WHERE ( table_id=20 ) LIMIT 1   [ RunTime:0.000244s ]
SQL: SHOW COLUMNS FROM `product` [ RunTime:0.003118s ]
SQL: SELECT COUNT(*) AS tp_count FROM `product` WHERE ( `cat_id` IN ('102') ) ORDER BY product_sort ASC LIMIT 1   [ RunTime:0.000251s ]
SQL: SELECT * FROM `product` WHERE ( `cat_id` IN ('102') ) ORDER BY product_sort ASC LIMIT 0,50   [ RunTime:0.000419s ]
NOTIC: [8] Use of undefined constant product_id - assumed 'product_id' C:\wamp\www\thinkphpProject\mycms\Admin\Runtime\Cache\69033357b1b93e96ed4fa3aeb9a2962a.php 第 188 行.
NOTIC: [8] Use of undefined constant cat_id - assumed 'cat_id' C:\wamp\www\thinkphpProject\mycms\Admin\Runtime\Cache\69033357b1b93e96ed4fa3aeb9a2962a.php 第 188 行.
NOTIC: [8] Use of undefined constant product_id - assumed 'product_id' C:\wamp\www\thinkphpProject\mycms\Admin\Runtime\Cache\69033357b1b93e96ed4fa3aeb9a2962a.php 第 188 行.
NOTIC: [8] Use of undefined constant cat_id - assumed 'cat_id' C:\wamp\www\thinkphpProject\mycms\Admin\Runtime\Cache\69033357b1b93e96ed4fa3aeb9a2962a.php 第 188 行.
NOTIC: [8] Use of undefined constant product_id - assumed 'product_id' C:\wamp\www\thinkphpProject\mycms\Admin\Runtime\Cache\69033357b1b93e96ed4fa3aeb9a2962a.php 第 188 行.
NOTIC: [8] Use of undefined constant cat_id - assumed 'cat_id' C:\wamp\www\thinkphpProject\mycms\Admin\Runtime\Cache\69033357b1b93e96ed4fa3aeb9a2962a.php 第 188 行.
NOTIC: [8] Use of undefined constant product_id - assumed 'product_id' C:\wamp\www\thinkphpProject\mycms\Admin\Runtime\Cache\69033357b1b93e96ed4fa3aeb9a2962a.php 第 188 行.
NOTIC: [8] Use of undefined constant cat_id - assumed 'cat_id' C:\wamp\www\thinkphpProject\mycms\Admin\Runtime\Cache\69033357b1b93e96ed4fa3aeb9a2962a.php 第 188 行.
NOTIC: [8] Use of undefined constant product_id - assumed 'product_id' C:\wamp\www\thinkphpProject\mycms\Admin\Runtime\Cache\69033357b1b93e96ed4fa3aeb9a2962a.php 第 188 行.
NOTIC: [8] Use of undefined constant cat_id - assumed 'cat_id' C:\wamp\www\thinkphpProject\mycms\Admin\Runtime\Cache\69033357b1b93e96ed4fa3aeb9a2962a.php 第 188 行.
NOTIC: [8] Use of undefined constant product_id - assumed 'product_id' C:\wamp\www\thinkphpProject\mycms\Admin\Runtime\Cache\69033357b1b93e96ed4fa3aeb9a2962a.php 第 188 行.
NOTIC: [8] Use of undefined constant cat_id - assumed 'cat_id' C:\wamp\www\thinkphpProject\mycms\Admin\Runtime\Cache\69033357b1b93e96ed4fa3aeb9a2962a.php 第 188 行.
NOTIC: [8] Use of undefined constant product_id - assumed 'product_id' C:\wamp\www\thinkphpProject\mycms\Admin\Runtime\Cache\69033357b1b93e96ed4fa3aeb9a2962a.php 第 188 行.
NOTIC: [8] Use of undefined constant cat_id - assumed 'cat_id' C:\wamp\www\thinkphpProject\mycms\Admin\Runtime\Cache\69033357b1b93e96ed4fa3aeb9a2962a.php 第 188 行.
NOTIC: [8] Use of undefined constant product_id - assumed 'product_id' C:\wamp\www\thinkphpProject\mycms\Admin\Runtime\Cache\69033357b1b93e96ed4fa3aeb9a2962a.php 第 188 行.
NOTIC: [8] Use of undefined constant cat_id - assumed 'cat_id' C:\wamp\www\thinkphpProject\mycms\Admin\Runtime\Cache\69033357b1b93e96ed4fa3aeb9a2962a.php 第 188 行.
NOTIC: [8] Use of undefined constant product_id - assumed 'product_id' C:\wamp\www\thinkphpProject\mycms\Admin\Runtime\Cache\69033357b1b93e96ed4fa3aeb9a2962a.php 第 188 行.
NOTIC: [8] Use of undefined constant cat_id - assumed 'cat_id' C:\wamp\www\thinkphpProject\mycms\Admin\Runtime\Cache\69033357b1b93e96ed4fa3aeb9a2962a.php 第 188 行.
NOTIC: [8] Use of undefined constant product_id - assumed 'product_id' C:\wamp\www\thinkphpProject\mycms\Admin\Runtime\Cache\69033357b1b93e96ed4fa3aeb9a2962a.php 第 188 行.
NOTIC: [8] Use of undefined constant cat_id - assumed 'cat_id' C:\wamp\www\thinkphpProject\mycms\Admin\Runtime\Cache\69033357b1b93e96ed4fa3aeb9a2962a.php 第 188 行.
NOTIC: [8] Use of undefined constant product_id - assumed 'product_id' C:\wamp\www\thinkphpProject\mycms\Admin\Runtime\Cache\69033357b1b93e96ed4fa3aeb9a2962a.php 第 188 行.
NOTIC: [8] Use of undefined constant cat_id - assumed 'cat_id' C:\wamp\www\thinkphpProject\mycms\Admin\Runtime\Cache\69033357b1b93e96ed4fa3aeb9a2962a.php 第 188 行.
NOTIC: [8] Use of undefined constant product_id - assumed 'product_id' C:\wamp\www\thinkphpProject\mycms\Admin\Runtime\Cache\69033357b1b93e96ed4fa3aeb9a2962a.php 第 188 行.
NOTIC: [8] Use of undefined constant cat_id - assumed 'cat_id' C:\wamp\www\thinkphpProject\mycms\Admin\Runtime\Cache\69033357b1b93e96ed4fa3aeb9a2962a.php 第 188 行.
INFO: ParseTemplate Behavior ::run [ RunTime:0.035461s ]
INFO: [ view_parse ] --END-- [ RunTime:0.035551s ]
INFO: [ view_filter ] --START--
INFO: ContentReplace Behavior ::run [ RunTime:0.000716s ]
INFO: TokenBuild Behavior ::run [ RunTime:0.000459s ]
INFO: WriteHtmlCache Behavior ::run [ RunTime:0.000333s ]
INFO: ShowRuntime Behavior ::run [ RunTime:0.000585s ]
INFO: [ view_filter ] --END-- [ RunTime:0.002319s ]
INFO: [ view_end ] --START--
INFO: ShowPageTrace Behavior ::run [ RunTime:0.000579s ]
INFO: [ view_end ] --END-- [ RunTime:0.000657s ]

[ 2015-07-06T14:24:07+08:00 ] 127.0.0.1 /index.php/Content/lists/cat_id/109
INFO: [ route_check ] --START--
INFO: CheckRoute Behavior ::run [ RunTime:0.000725s ]
INFO: [ route_check ] --END-- [ RunTime:0.000825s ]
INFO: [ app_begin ] --START--
INFO: ReadHtmlCache Behavior ::run [ RunTime:0.000553s ]
INFO: [ app_begin ] --END-- [ RunTime:0.000634s ]
NOTIC: [2048] Declaration of ContentAction::show() should be compatible with that of Action::show() C:\wamp\www\thinkphpProject\mycms\Admin\Lib\Action\ContentAction.class.php 第 3 行.
SQL: SHOW COLUMNS FROM `website` [ RunTime:0.003137s ]
SQL: SELECT * FROM `website` WHERE ( website_id=1 ) LIMIT 1   [ RunTime:0.000247s ]
SQL: SHOW COLUMNS FROM `category` [ RunTime:0.003001s ]
SQL: SELECT * FROM `category` WHERE ( category_id=109 ) LIMIT 1   [ RunTime:0.000292s ]
SQL: SHOW COLUMNS FROM `web_baseinfo` [ RunTime:0.002786s ]
SQL: SELECT * FROM `web_baseinfo` WHERE ( `siteid` = '1' )  [ RunTime:0.000238s ]
SQL: SELECT * FROM `category` WHERE ( category_id=109 ) LIMIT 1   [ RunTime:0.000226s ]
SQL: SELECT * FROM `category` WHERE ( category_id=109 ) LIMIT 1   [ RunTime:0.000222s ]
SQL: SELECT * FROM `category` WHERE ( `category_id` = 109 ) LIMIT 1   [ RunTime:0.000214s ]
SQL: SELECT * FROM `category` WHERE ( parent_id=109 ) LIMIT 1   [ RunTime:0.000209s ]
INFO: [ view_parse ] --START--
SQL: SELECT * FROM `category` WHERE ( category_id=109 ) LIMIT 1   [ RunTime:0.000337s ]
SQL: SELECT * FROM `category` WHERE ( `parent_id` = 109 )  [ RunTime:0.000214s ]
SQL: SELECT * FROM `category` WHERE ( category_id=109 ) LIMIT 1   [ RunTime:0.000193s ]
SQL: SELECT * FROM `category` WHERE ( category_id=109 ) LIMIT 1   [ RunTime:0.000190s ]
SQL: SHOW COLUMNS FROM `cm_table` [ RunTime:0.002890s ]
SQL: SELECT * FROM `cm_table` WHERE ( table_id=13 ) LIMIT 1   [ RunTime:0.000199s ]
SQL: SHOW COLUMNS FROM `article` [ RunTime:0.018277s ]
SQL: SELECT COUNT(*) AS tp_count FROM `article` WHERE ( `cat_id` IN ('109') ) ORDER BY article_sort ASC LIMIT 1   [ RunTime:0.000625s ]
SQL: SELECT * FROM `article` WHERE ( `cat_id` IN ('109') ) ORDER BY article_sort ASC LIMIT 0,10   [ RunTime:0.000263s ]
INFO: ParseTemplate Behavior ::run [ RunTime:0.045249s ]
INFO: [ view_parse ] --END-- [ RunTime:0.045336s ]
INFO: [ view_filter ] --START--
INFO: ContentReplace Behavior ::run [ RunTime:0.000514s ]
INFO: TokenBuild Behavior ::run [ RunTime:0.000410s ]
INFO: WriteHtmlCache Behavior ::run [ RunTime:0.000311s ]
INFO: ShowRuntime Behavior ::run [ RunTime:0.000496s ]
INFO: [ view_filter ] --END-- [ RunTime:0.001954s ]
INFO: [ view_end ] --START--
INFO: ShowPageTrace Behavior ::run [ RunTime:0.000531s ]
INFO: [ view_end ] --END-- [ RunTime:0.000612s ]

[ 2015-07-06T14:24:07+08:00 ] 127.0.0.1 /index.php/Content/lists/cat_id/105
INFO: [ route_check ] --START--
INFO: CheckRoute Behavior ::run [ RunTime:0.000794s ]
INFO: [ route_check ] --END-- [ RunTime:0.000931s ]
INFO: [ app_begin ] --START--
INFO: ReadHtmlCache Behavior ::run [ RunTime:0.000659s ]
INFO: [ app_begin ] --END-- [ RunTime:0.000762s ]
NOTIC: [2048] Declaration of ContentAction::show() should be compatible with that of Action::show() C:\wamp\www\thinkphpProject\mycms\Admin\Lib\Action\ContentAction.class.php 第 3 行.
SQL: SHOW COLUMNS FROM `website` [ RunTime:0.003792s ]
SQL: SELECT * FROM `website` WHERE ( website_id=1 ) LIMIT 1   [ RunTime:0.000450s ]
SQL: SHOW COLUMNS FROM `category` [ RunTime:0.004138s ]
SQL: SELECT * FROM `category` WHERE ( category_id=105 ) LIMIT 1   [ RunTime:0.000334s ]
SQL: SHOW COLUMNS FROM `web_baseinfo` [ RunTime:0.003499s ]
SQL: SELECT * FROM `web_baseinfo` WHERE ( `siteid` = '1' )  [ RunTime:0.000273s ]
SQL: SELECT * FROM `category` WHERE ( category_id=105 ) LIMIT 1   [ RunTime:0.000228s ]
SQL: SELECT * FROM `category` WHERE ( category_id=105 ) LIMIT 1   [ RunTime:0.000235s ]
SQL: SELECT * FROM `category` WHERE ( `category_id` = 105 ) LIMIT 1   [ RunTime:0.000224s ]
SQL: SELECT * FROM `category` WHERE ( parent_id=105 ) LIMIT 1   [ RunTime:0.000228s ]
INFO: [ view_parse ] --START--
SQL: SELECT * FROM `category` WHERE ( category_id=105 ) LIMIT 1   [ RunTime:0.000357s ]
SQL: SELECT * FROM `category` WHERE ( `parent_id` = 105 )  [ RunTime:0.000362s ]
SQL: SELECT * FROM `category` WHERE ( category_id=105 ) LIMIT 1   [ RunTime:0.000361s ]
SQL: SELECT * FROM `category` WHERE ( category_id=105 ) LIMIT 1   [ RunTime:0.000278s ]
SQL: SHOW COLUMNS FROM `cm_table` [ RunTime:0.003640s ]
SQL: SELECT * FROM `cm_table` WHERE ( table_id=13 ) LIMIT 1   [ RunTime:0.000275s ]
SQL: SHOW COLUMNS FROM `article` [ RunTime:0.003973s ]
SQL: SELECT COUNT(*) AS tp_count FROM `article` WHERE ( `cat_id` IN ('105') ) ORDER BY article_sort ASC LIMIT 1   [ RunTime:0.000435s ]
SQL: SELECT * FROM `article` WHERE ( `cat_id` IN ('105') ) ORDER BY article_sort ASC LIMIT 0,10   [ RunTime:0.000384s ]
INFO: ParseTemplate Behavior ::run [ RunTime:0.023526s ]
INFO: [ view_parse ] --END-- [ RunTime:0.023615s ]
INFO: [ view_filter ] --START--
INFO: ContentReplace Behavior ::run [ RunTime:0.000581s ]
INFO: TokenBuild Behavior ::run [ RunTime:0.000597s ]
INFO: WriteHtmlCache Behavior ::run [ RunTime:0.000408s ]
INFO: ShowRuntime Behavior ::run [ RunTime:0.000789s ]
INFO: [ view_filter ] --END-- [ RunTime:0.002692s ]
INFO: [ view_end ] --START--
INFO: ShowPageTrace Behavior ::run [ RunTime:0.000742s ]
INFO: [ view_end ] --END-- [ RunTime:0.000841s ]

[ 2015-07-06T14:45:20+08:00 ] 127.0.0.1 /index.php/Content/lists/cat_id/96
INFO: [ route_check ] --START--
INFO: CheckRoute Behavior ::run [ RunTime:0.001477s ]
INFO: [ route_check ] --END-- [ RunTime:0.001592s ]
INFO: [ app_begin ] --START--
INFO: ReadHtmlCache Behavior ::run [ RunTime:0.001073s ]
INFO: [ app_begin ] --END-- [ RunTime:0.001166s ]
NOTIC: [2048] Declaration of ContentAction::show() should be compatible with that of Action::show() C:\wamp\www\thinkphpProject\mycms\Admin\Lib\Action\ContentAction.class.php 第 3 行.
SQL: SHOW COLUMNS FROM `website` [ RunTime:0.004749s ]
SQL: SELECT * FROM `website` WHERE ( website_id=1 ) LIMIT 1   [ RunTime:0.000221s ]
SQL: SHOW COLUMNS FROM `category` [ RunTime:0.005337s ]
SQL: SELECT * FROM `category` WHERE ( category_id=96 ) LIMIT 1   [ RunTime:0.000315s ]
SQL: SELECT * FROM `category` WHERE ( category_id=47 ) LIMIT 1   [ RunTime:0.000194s ]
SQL: SHOW COLUMNS FROM `web_baseinfo` [ RunTime:0.004369s ]
SQL: SELECT * FROM `web_baseinfo` WHERE ( `siteid` = '1' )  [ RunTime:0.000271s ]
SQL: SELECT * FROM `category` WHERE ( category_id=96 ) LIMIT 1   [ RunTime:0.000240s ]
SQL: SELECT * FROM `category` WHERE ( category_id=47 ) LIMIT 1   [ RunTime:0.000226s ]
SQL: SELECT * FROM `category` WHERE ( category_id=96 ) LIMIT 1   [ RunTime:0.000223s ]
SQL: SELECT * FROM `category` WHERE ( `category_id` = 96 ) LIMIT 1   [ RunTime:0.000212s ]
SQL: SELECT * FROM `category` WHERE ( parent_id=96 ) LIMIT 1   [ RunTime:0.000226s ]
SQL: SELECT * FROM `category` WHERE ( category_id=96 ) LIMIT 1   [ RunTime:0.000220s ]
SQL: SELECT * FROM `category` WHERE ( category_id=47 ) LIMIT 1   [ RunTime:0.000216s ]
SQL: SELECT * FROM `category` WHERE ( category_id=47 ) LIMIT 1   [ RunTime:0.000212s ]
INFO: [ view_parse ] --START--
SQL: SELECT * FROM `category` WHERE ( category_id=96 ) LIMIT 1   [ RunTime:0.000423s ]
SQL: SELECT * FROM `category` WHERE ( category_id=47 ) LIMIT 1   [ RunTime:0.000228s ]
SQL: SELECT * FROM `category` WHERE ( `parent_id` = 47 )  [ RunTime:0.000226s ]
NOTIC: [8] Use of undefined constant category_id - assumed 'category_id' C:\wamp\www\thinkphpProject\mycms\Admin\Runtime\Cache\d54ca0614032a46cc3d815ef1d588f6a.php 第 117 行.
NOTIC: [8] Use of undefined constant category_id - assumed 'category_id' C:\wamp\www\thinkphpProject\mycms\Admin\Runtime\Cache\d54ca0614032a46cc3d815ef1d588f6a.php 第 117 行.
NOTIC: [8] Use of undefined constant category_id - assumed 'category_id' C:\wamp\www\thinkphpProject\mycms\Admin\Runtime\Cache\d54ca0614032a46cc3d815ef1d588f6a.php 第 117 行.
NOTIC: [8] Use of undefined constant category_id - assumed 'category_id' C:\wamp\www\thinkphpProject\mycms\Admin\Runtime\Cache\d54ca0614032a46cc3d815ef1d588f6a.php 第 117 行.
NOTIC: [8] Use of undefined constant category_id - assumed 'category_id' C:\wamp\www\thinkphpProject\mycms\Admin\Runtime\Cache\d54ca0614032a46cc3d815ef1d588f6a.php 第 117 行.
SQL: SHOW COLUMNS FROM `cm_table` [ RunTime:0.005140s ]
SQL: SELECT * FROM `cm_table` WHERE ( table_id=25 ) LIMIT 1   [ RunTime:0.000289s ]
SQL: SHOW COLUMNS FROM `advertise` [ RunTime:0.004499s ]
SQL: SELECT COUNT(*) AS tp_count FROM `advertise` WHERE ( siteid=1 AND advertise_id=3 ) ORDER BY advertise_sort ASC,advertise_id DESC LIMIT 1   [ RunTime:0.000292s ]
SQL: SELECT * FROM `advertise` WHERE ( siteid=1 AND advertise_id=3 ) ORDER BY advertise_sort ASC,advertise_id DESC LIMIT 0,100   [ RunTime:0.000201s ]
NOTIC: [8] Undefined variable: ad_img_url C:\wamp\www\thinkphpProject\mycms\Admin\Runtime\Cache\d54ca0614032a46cc3d815ef1d588f6a.php 第 130 行.
NOTIC: [8] Undefined variable: ad_img_href C:\wamp\www\thinkphpProject\mycms\Admin\Runtime\Cache\d54ca0614032a46cc3d815ef1d588f6a.php 第 130 行.
SQL: SELECT * FROM `category` WHERE ( category_id=96 ) LIMIT 1   [ RunTime:0.000189s ]
SQL: SELECT * FROM `category` WHERE ( `parent_id` = 96 )  [ RunTime:0.000191s ]
SQL: SELECT * FROM `category` WHERE ( category_id=96 ) LIMIT 1   [ RunTime:0.000176s ]
SQL: SELECT * FROM `category` WHERE ( category_id=47 ) LIMIT 1   [ RunTime:0.000172s ]
SQL: SELECT * FROM `category` WHERE ( category_id=47 ) LIMIT 1   [ RunTime:0.000169s ]
SQL: SELECT * FROM `cm_table` WHERE ( table_id=23 ) LIMIT 1   [ RunTime:0.000187s ]
SQL: SHOW COLUMNS FROM `catalog` [ RunTime:0.005431s ]
SQL: SELECT COUNT(*) AS tp_count FROM `catalog` WHERE ( `cat_id` IN ('96') ) ORDER BY catalog_sort ASC LIMIT 1   [ RunTime:0.000347s ]
SQL: SELECT * FROM `catalog` WHERE ( `cat_id` IN ('96') ) ORDER BY catalog_sort ASC LIMIT 0,50   [ RunTime:0.000363s ]
NOTIC: [8] Use of undefined constant catalog_id - assumed 'catalog_id' C:\wamp\www\thinkphpProject\mycms\Admin\Runtime\Cache\d54ca0614032a46cc3d815ef1d588f6a.php 第 143 行.
NOTIC: [8] Use of undefined constant cat_id - assumed 'cat_id' C:\wamp\www\thinkphpProject\mycms\Admin\Runtime\Cache\d54ca0614032a46cc3d815ef1d588f6a.php 第 143 行.
SQL: SHOW COLUMNS FROM `product` [ RunTime:0.005067s ]
SQL: SELECT * FROM `product` WHERE ( `product_id` = 31 ) LIMIT 1   [ RunTime:0.000269s ]
NOTIC: [8] Use of undefined constant catalog_id - assumed 'catalog_id' C:\wamp\www\thinkphpProject\mycms\Admin\Runtime\Cache\d54ca0614032a46cc3d815ef1d588f6a.php 第 143 行.
NOTIC: [8] Use of undefined constant cat_id - assumed 'cat_id' C:\wamp\www\thinkphpProject\mycms\Admin\Runtime\Cache\d54ca0614032a46cc3d815ef1d588f6a.php 第 143 行.
SQL: SELECT * FROM `product` WHERE ( `product_id` = 16 ) LIMIT 1   [ RunTime:0.000165s ]
NOTIC: [8] Use of undefined constant catalog_id - assumed 'catalog_id' C:\wamp\www\thinkphpProject\mycms\Admin\Runtime\Cache\d54ca0614032a46cc3d815ef1d588f6a.php 第 143 行.
NOTIC: [8] Use of undefined constant cat_id - assumed 'cat_id' C:\wamp\www\thinkphpProject\mycms\Admin\Runtime\Cache\d54ca0614032a46cc3d815ef1d588f6a.php 第 143 行.
SQL: SELECT * FROM `product` WHERE ( `product_id` = 56 ) LIMIT 1   [ RunTime:0.000151s ]
NOTIC: [8] Use of undefined constant catalog_id - assumed 'catalog_id' C:\wamp\www\thinkphpProject\mycms\Admin\Runtime\Cache\d54ca0614032a46cc3d815ef1d588f6a.php 第 143 行.
NOTIC: [8] Use of undefined constant cat_id - assumed 'cat_id' C:\wamp\www\thinkphpProject\mycms\Admin\Runtime\Cache\d54ca0614032a46cc3d815ef1d588f6a.php 第 143 行.
INFO: ParseTemplate Behavior ::run [ RunTime:0.047318s ]
INFO: [ view_parse ] --END-- [ RunTime:0.047406s ]
INFO: [ view_filter ] --START--
INFO: ContentReplace Behavior ::run [ RunTime:0.001127s ]
INFO: TokenBuild Behavior ::run [ RunTime:0.000923s ]
INFO: WriteHtmlCache Behavior ::run [ RunTime:0.000698s ]
INFO: ShowRuntime Behavior ::run [ RunTime:0.000874s ]
INFO: [ view_filter ] --END-- [ RunTime:0.003864s ]
INFO: [ view_end ] --START--
INFO: ShowPageTrace Behavior ::run [ RunTime:0.000917s ]
INFO: [ view_end ] --END-- [ RunTime:0.001006s ]

[ 2015-07-06T14:45:26+08:00 ] 127.0.0.1 /index.php/Escape/login
INFO: [ route_check ] --START--
INFO: CheckRoute Behavior ::run [ RunTime:0.000890s ]
INFO: [ route_check ] --END-- [ RunTime:0.000995s ]
INFO: [ app_begin ] --START--
INFO: ReadHtmlCache Behavior ::run [ RunTime:0.000639s ]
INFO: [ app_begin ] --END-- [ RunTime:0.000726s ]
INFO: [ view_parse ] --START--
INFO: ParseTemplate Behavior ::run [ RunTime:0.017342s ]
INFO: [ view_parse ] --END-- [ RunTime:0.017460s ]
INFO: [ view_filter ] --START--
INFO: ContentReplace Behavior ::run [ RunTime:0.000478s ]
INFO: TokenBuild Behavior ::run [ RunTime:0.000458s ]
INFO: WriteHtmlCache Behavior ::run [ RunTime:0.000349s ]
INFO: ShowRuntime Behavior ::run [ RunTime:0.000546s ]
INFO: [ view_filter ] --END-- [ RunTime:0.002051s ]
INFO: [ view_end ] --START--
INFO: ShowPageTrace Behavior ::run [ RunTime:0.000615s ]
INFO: [ view_end ] --END-- [ RunTime:0.000700s ]

[ 2015-07-06T14:45:26+08:00 ] 127.0.0.1 /index.php/Escape/verify/
INFO: [ route_check ] --START--
INFO: CheckRoute Behavior ::run [ RunTime:0.001546s ]
INFO: [ route_check ] --END-- [ RunTime:0.001731s ]
INFO: [ app_begin ] --START--
INFO: ReadHtmlCache Behavior ::run [ RunTime:0.000966s ]
INFO: [ app_begin ] --END-- [ RunTime:0.001145s ]
NOTIC: [8] Use of undefined constant png - assumed 'png' C:\wamp\www\thinkphpProject\mycms\Admin\Lib\Action\EscapeAction.class.php 第 10 行.

[ 2015-07-06T14:45:30+08:00 ] 127.0.0.1 /index.php/Escape/checkLogin?admin_name=admin&admin_pw=123456&verify=5496
INFO: [ route_check ] --START--
INFO: CheckRoute Behavior ::run [ RunTime:0.000942s ]
INFO: [ route_check ] --END-- [ RunTime:0.001072s ]
INFO: [ app_begin ] --START--
INFO: ReadHtmlCache Behavior ::run [ RunTime:0.000735s ]
INFO: [ app_begin ] --END-- [ RunTime:0.000852s ]
NOTIC: 建议使用I方法替代_param
NOTIC: 建议使用I方法替代_param
NOTIC: 建议使用I方法替代_param
SQL: SHOW COLUMNS FROM `admin` [ RunTime:0.028279s ]
SQL: SELECT * FROM `admin` WHERE ( user_name="admin" AND password="e10adc3949ba59abbe56e057f20f883e" AND state=0 ) LIMIT 1   [ RunTime:0.000320s ]
SQL: UPDATE `admin` SET `last_login_ip`='127.0.0.1',`last_login_time`=1436165130 WHERE ( id=6 ) [ RunTime:0.000316s ]
NOTIC: [8] A session had already been started - ignoring session_start() C:\wamp\www\thinkphpProject\mycms\Admin\Lib\Action\EscapeAction.class.php 第 42 行.

[ 2015-07-06T14:45:30+08:00 ] 127.0.0.1 /index.php/Index/main.html
INFO: [ route_check ] --START--
INFO: CheckRoute Behavior ::run [ RunTime:0.000709s ]
INFO: [ route_check ] --END-- [ RunTime:0.000810s ]
INFO: [ app_begin ] --START--
INFO: ReadHtmlCache Behavior ::run [ RunTime:0.000521s ]
INFO: [ app_begin ] --END-- [ RunTime:0.000615s ]
NOTIC: [8] Constant THEME_NAME already defined C:\wamp\www\thinkphpProject\mycms\ThinkPHP\Lib\Core\View.class.php 第 223 行.
NOTIC: [8] Constant THEME_PATH already defined C:\wamp\www\thinkphpProject\mycms\ThinkPHP\Lib\Core\View.class.php 第 174 行.
NOTIC: [8] Constant APP_TMPL_PATH already defined C:\wamp\www\thinkphpProject\mycms\ThinkPHP\Lib\Core\View.class.php 第 175 行.
INFO: [ view_parse ] --START--
INFO: ParseTemplate Behavior ::run [ RunTime:0.026115s ]
INFO: [ view_parse ] --END-- [ RunTime:0.026237s ]
INFO: [ view_filter ] --START--
INFO: ContentReplace Behavior ::run [ RunTime:0.000588s ]
INFO: TokenBuild Behavior ::run [ RunTime:0.000571s ]
INFO: WriteHtmlCache Behavior ::run [ RunTime:0.000432s ]
INFO: ShowRuntime Behavior ::run [ RunTime:0.000661s ]
INFO: [ view_filter ] --END-- [ RunTime:0.002631s ]
INFO: [ view_end ] --START--
INFO: ShowPageTrace Behavior ::run [ RunTime:0.000790s ]
INFO: [ view_end ] --END-- [ RunTime:0.000884s ]

[ 2015-07-06T14:45:30+08:00 ] 127.0.0.1 /index.php/Index/left
INFO: [ route_check ] --START--
INFO: CheckRoute Behavior ::run [ RunTime:0.000675s ]
INFO: [ route_check ] --END-- [ RunTime:0.000796s ]
INFO: [ app_begin ] --START--
INFO: ReadHtmlCache Behavior ::run [ RunTime:0.000511s ]
INFO: [ app_begin ] --END-- [ RunTime:0.000613s ]
INFO: [ view_parse ] --START--
INFO: ParseTemplate Behavior ::run [ RunTime:0.110859s ]
INFO: [ view_parse ] --END-- [ RunTime:0.110976s ]
INFO: [ view_filter ] --START--
INFO: ContentReplace Behavior ::run [ RunTime:0.000451s ]
INFO: TokenBuild Behavior ::run [ RunTime:0.000446s ]
INFO: WriteHtmlCache Behavior ::run [ RunTime:0.000368s ]
INFO: ShowRuntime Behavior ::run [ RunTime:0.000515s ]
INFO: [ view_filter ] --END-- [ RunTime:0.002014s ]
INFO: [ view_end ] --START--
INFO: ShowPageTrace Behavior ::run [ RunTime:0.000684s ]
INFO: [ view_end ] --END-- [ RunTime:0.000766s ]

[ 2015-07-06T14:45:30+08:00 ] 127.0.0.1 /index.php/Index/top
INFO: [ route_check ] --START--
INFO: CheckRoute Behavior ::run [ RunTime:0.001189s ]
INFO: [ route_check ] --END-- [ RunTime:0.001312s ]
INFO: [ app_begin ] --START--
INFO: ReadHtmlCache Behavior ::run [ RunTime:0.000769s ]
INFO: [ app_begin ] --END-- [ RunTime:0.000872s ]
SQL: SHOW COLUMNS FROM `website` [ RunTime:0.003692s ]
SQL: SELECT * FROM `website` ORDER BY website_id ASC  [ RunTime:0.000263s ]
INFO: [ view_parse ] --START--
INFO: ParseTemplate Behavior ::run [ RunTime:0.027066s ]
INFO: [ view_parse ] --END-- [ RunTime:0.027185s ]
INFO: [ view_filter ] --START--
INFO: ContentReplace Behavior ::run [ RunTime:0.000850s ]
INFO: TokenBuild Behavior ::run [ RunTime:0.000956s ]
INFO: WriteHtmlCache Behavior ::run [ RunTime:0.000749s ]
INFO: ShowRuntime Behavior ::run [ RunTime:0.001001s ]
INFO: [ view_filter ] --END-- [ RunTime:0.004049s ]
INFO: [ view_end ] --START--
INFO: ShowPageTrace Behavior ::run [ RunTime:0.001215s ]
INFO: [ view_end ] --END-- [ RunTime:0.001399s ]

[ 2015-07-06T14:45:30+08:00 ] 127.0.0.1 /index.php/Index/right
INFO: [ route_check ] --START--
INFO: CheckRoute Behavior ::run [ RunTime:0.000674s ]
INFO: [ route_check ] --END-- [ RunTime:0.000777s ]
INFO: [ app_begin ] --START--
INFO: ReadHtmlCache Behavior ::run [ RunTime:0.000492s ]
INFO: [ app_begin ] --END-- [ RunTime:0.000583s ]

[ 2015-07-06T14:45:30+08:00 ] 127.0.0.1 /index.php/Index/bottom
INFO: [ route_check ] --START--
INFO: CheckRoute Behavior ::run [ RunTime:0.001180s ]
INFO: [ route_check ] --END-- [ RunTime:0.001286s ]
INFO: [ app_begin ] --START--
INFO: ReadHtmlCache Behavior ::run [ RunTime:0.000822s ]
INFO: [ app_begin ] --END-- [ RunTime:0.000922s ]
INFO: [ view_parse ] --START--
INFO: ParseTemplate Behavior ::run [ RunTime:0.019398s ]
INFO: [ view_parse ] --END-- [ RunTime:0.019607s ]
INFO: [ view_filter ] --START--
INFO: ContentReplace Behavior ::run [ RunTime:0.001101s ]
INFO: TokenBuild Behavior ::run [ RunTime:0.001022s ]
INFO: WriteHtmlCache Behavior ::run [ RunTime:0.002263s ]
INFO: ShowRuntime Behavior ::run [ RunTime:0.002916s ]
INFO: [ view_filter ] --END-- [ RunTime:0.007736s ]
INFO: [ view_end ] --START--
INFO: ShowPageTrace Behavior ::run [ RunTime:0.001224s ]
INFO: [ view_end ] --END-- [ RunTime:0.001406s ]

[ 2015-07-06T14:45:30+08:00 ] 127.0.0.1 /index.php/Category/Category_list.html
INFO: [ route_check ] --START--
INFO: CheckRoute Behavior ::run [ RunTime:0.000794s ]
INFO: [ route_check ] --END-- [ RunTime:0.000924s ]
INFO: [ app_begin ] --START--
INFO: ReadHtmlCache Behavior ::run [ RunTime:0.000526s ]
INFO: [ app_begin ] --END-- [ RunTime:0.000633s ]
SQL: SHOW COLUMNS FROM `category` [ RunTime:0.004026s ]
SQL: SELECT * FROM `category` WHERE ( siteid=1 )  [ RunTime:0.000475s ]
SQL: SHOW COLUMNS FROM `cm_table` [ RunTime:0.003636s ]
SQL: SELECT * FROM `cm_table` WHERE ( `table_name` = 'category' ) LIMIT 1   [ RunTime:0.000301s ]
SQL: SHOW COLUMNS FROM `cm_table_column` [ RunTime:0.019957s ]
SQL: SELECT * FROM `cm_table_column` WHERE ( `table_id` = 15 ) AND ( `column_type` = 'foreignKey' )  [ RunTime:0.012157s ]
NOTIC: [2] Invalid argument supplied for foreach() C:\wamp\www\thinkphpProject\mycms\ThinkPHP\Extend\Vendor\Form\TableList.php 第 690 行.
INFO: [ view_parse ] --START--
INFO: ParseTemplate Behavior ::run [ RunTime:0.021872s ]
INFO: [ view_parse ] --END-- [ RunTime:0.022020s ]
INFO: [ view_filter ] --START--
INFO: ContentReplace Behavior ::run [ RunTime:0.000741s ]
INFO: TokenBuild Behavior ::run [ RunTime:0.000739s ]
INFO: WriteHtmlCache Behavior ::run [ RunTime:0.000595s ]
INFO: ShowRuntime Behavior ::run [ RunTime:0.000876s ]
INFO: [ view_filter ] --END-- [ RunTime:0.003382s ]
INFO: [ view_end ] --START--
INFO: ShowPageTrace Behavior ::run [ RunTime:0.000795s ]
INFO: [ view_end ] --END-- [ RunTime:0.000934s ]

[ 2015-07-06T14:45:31+08:00 ] 127.0.0.1 /index.php/Category/Category_list
INFO: [ route_check ] --START--
INFO: CheckRoute Behavior ::run [ RunTime:0.000793s ]
INFO: [ route_check ] --END-- [ RunTime:0.000894s ]
INFO: [ app_begin ] --START--
INFO: ReadHtmlCache Behavior ::run [ RunTime:0.000503s ]
INFO: [ app_begin ] --END-- [ RunTime:0.000584s ]
SQL: SHOW COLUMNS FROM `category` [ RunTime:0.003684s ]
SQL: SELECT * FROM `category` WHERE ( siteid=1 )  [ RunTime:0.000375s ]
SQL: SHOW COLUMNS FROM `cm_table` [ RunTime:0.003927s ]
SQL: SELECT * FROM `cm_table` WHERE ( `table_name` = 'category' ) LIMIT 1   [ RunTime:0.000283s ]
SQL: SHOW COLUMNS FROM `cm_table_column` [ RunTime:0.003869s ]
SQL: SELECT * FROM `cm_table_column` WHERE ( `table_id` = 15 ) AND ( `column_type` = 'foreignKey' )  [ RunTime:0.000377s ]
NOTIC: [2] Invalid argument supplied for foreach() C:\wamp\www\thinkphpProject\mycms\ThinkPHP\Extend\Vendor\Form\TableList.php 第 690 行.
INFO: [ view_parse ] --START--
INFO: ParseTemplate Behavior ::run [ RunTime:0.008585s ]
INFO: [ view_parse ] --END-- [ RunTime:0.008697s ]
INFO: [ view_filter ] --START--
INFO: ContentReplace Behavior ::run [ RunTime:0.000520s ]
INFO: TokenBuild Behavior ::run [ RunTime:0.000456s ]
INFO: WriteHtmlCache Behavior ::run [ RunTime:0.000343s ]
INFO: ShowRuntime Behavior ::run [ RunTime:0.000541s ]
INFO: [ view_filter ] --END-- [ RunTime:0.002152s ]
INFO: [ view_end ] --START--
INFO: ShowPageTrace Behavior ::run [ RunTime:0.000603s ]
INFO: [ view_end ] --END-- [ RunTime:0.000683s ]

[ 2015-07-06T14:45:32+08:00 ] 127.0.0.1 /index.php/Website/Website_list
INFO: [ route_check ] --START--
INFO: CheckRoute Behavior ::run [ RunTime:0.001061s ]
INFO: [ route_check ] --END-- [ RunTime:0.001184s ]
INFO: [ app_begin ] --START--
INFO: ReadHtmlCache Behavior ::run [ RunTime:0.000722s ]
INFO: [ app_begin ] --END-- [ RunTime:0.000816s ]
SQL: SHOW COLUMNS FROM `cm_table` [ RunTime:0.003672s ]
SQL: SELECT * FROM `cm_table` WHERE ( `table_name` = 'website' ) LIMIT 1   [ RunTime:0.000249s ]
NOTIC: [2] Invalid argument supplied for foreach() C:\wamp\www\thinkphpProject\mycms\ThinkPHP\Extend\Vendor\Form\TableList.php 第 50 行.
SQL: SELECT * FROM `cm_table` WHERE ( `table_name` = 'Website' ) LIMIT 1   [ RunTime:0.000230s ]
NOTIC: [8] Undefined index: otherParams C:\wamp\www\thinkphpProject\mycms\ThinkPHP\Extend\Vendor\Form\TableList.php 第 27 行.
NOTIC: [8] Undefined index: otherParams C:\wamp\www\thinkphpProject\mycms\ThinkPHP\Extend\Vendor\Form\TableList.php 第 27 行.
SQL: SHOW COLUMNS FROM `cm_table_column` [ RunTime:0.004308s ]
SQL: SELECT * FROM `cm_table_column` WHERE ( `table_id` = 11 ) AND ( `is_search` = 1 )  [ RunTime:0.000479s ]
NOTIC: [2] Invalid argument supplied for foreach() C:\wamp\www\thinkphpProject\mycms\ThinkPHP\Extend\Vendor\Form\TableList.php 第 144 行.
SQL: SELECT * FROM `cm_table` WHERE ( table_name="Website" ) LIMIT 1   [ RunTime:0.000236s ]
SQL: SELECT * FROM `cm_table_column` WHERE ( table_id=11 AND is_list=1 ) ORDER BY cm_table_column_sort ASC,tab_col_id ASC  [ RunTime:0.000327s ]
SQL: SHOW COLUMNS FROM `website` [ RunTime:0.003524s ]
SQL: SELECT COUNT(*) AS tp_count FROM `website` LIMIT 1   [ RunTime:0.000145s ]
SQL: SELECT * FROM `website` ORDER BY website_sort LIMIT 0,12   [ RunTime:0.000178s ]
NOTIC: [8] Undefined index: otherParams C:\wamp\www\thinkphpProject\mycms\ThinkPHP\Extend\Vendor\Form\TableList.php 第 479 行.
NOTIC: [2] Invalid argument supplied for foreach() C:\wamp\www\thinkphpProject\mycms\ThinkPHP\Extend\Vendor\Form\TableList.php 第 479 行.
NOTIC: [8] Undefined index: otherParams C:\wamp\www\thinkphpProject\mycms\ThinkPHP\Extend\Vendor\Form\TableList.php 第 479 行.
NOTIC: [2] Invalid argument supplied for foreach() C:\wamp\www\thinkphpProject\mycms\ThinkPHP\Extend\Vendor\Form\TableList.php 第 479 行.
NOTIC: [8] Undefined index: otherParams C:\wamp\www\thinkphpProject\mycms\ThinkPHP\Extend\Vendor\Form\TableList.php 第 479 行.
NOTIC: [2] Invalid argument supplied for foreach() C:\wamp\www\thinkphpProject\mycms\ThinkPHP\Extend\Vendor\Form\TableList.php 第 479 行.
NOTIC: [8] Undefined index: otherParams C:\wamp\www\thinkphpProject\mycms\ThinkPHP\Extend\Vendor\Form\TableList.php 第 479 行.
NOTIC: [2] Invalid argument supplied for foreach() C:\wamp\www\thinkphpProject\mycms\ThinkPHP\Extend\Vendor\Form\TableList.php 第 479 行.
NOTIC: [8] Undefined index: otherParams C:\wamp\www\thinkphpProject\mycms\ThinkPHP\Extend\Vendor\Form\TableList.php 第 479 行.
NOTIC: [2] Invalid argument supplied for foreach() C:\wamp\www\thinkphpProject\mycms\ThinkPHP\Extend\Vendor\Form\TableList.php 第 479 行.
NOTIC: [8] Undefined index: otherParams C:\wamp\www\thinkphpProject\mycms\ThinkPHP\Extend\Vendor\Form\TableList.php 第 479 行.
NOTIC: [2] Invalid argument supplied for foreach() C:\wamp\www\thinkphpProject\mycms\ThinkPHP\Extend\Vendor\Form\TableList.php 第 479 行.
NOTIC: [8] Use of undefined constant __PUBLIC__ - assumed '__PUBLIC__' C:\wamp\www\thinkphpProject\mycms\ThinkPHP\Extend\Vendor\Form\TableList.php 第 499 行.
NOTIC: [8] Use of undefined constant __PUBLIC__ - assumed '__PUBLIC__' C:\wamp\www\thinkphpProject\mycms\ThinkPHP\Extend\Vendor\Form\TableList.php 第 500 行.
SQL: SELECT * FROM `cm_table` WHERE ( `table_name` = 'website' ) LIMIT 1   [ RunTime:0.000167s ]
SQL: SELECT * FROM `cm_table_column` WHERE ( `table_id` = 11 ) AND ( `column_type` = 'foreignKey' )  [ RunTime:0.000279s ]
NOTIC: [2] Invalid argument supplied for foreach() C:\wamp\www\thinkphpProject\mycms\ThinkPHP\Extend\Vendor\Form\TableList.php 第 690 行.
INFO: [ view_parse ] --START--
INFO: ParseTemplate Behavior ::run [ RunTime:0.014185s ]
INFO: [ view_parse ] --END-- [ RunTime:0.014312s ]
INFO: [ view_filter ] --START--
INFO: ContentReplace Behavior ::run [ RunTime:0.000563s ]
INFO: TokenBuild Behavior ::run [ RunTime:0.000598s ]
INFO: WriteHtmlCache Behavior ::run [ RunTime:0.000456s ]
INFO: ShowRuntime Behavior ::run [ RunTime:0.000627s ]
INFO: [ view_filter ] --END-- [ RunTime:0.002492s ]
INFO: [ view_end ] --START--
INFO: ShowPageTrace Behavior ::run [ RunTime:0.000668s ]
INFO: [ view_end ] --END-- [ RunTime:0.000751s ]

[ 2015-07-06T14:45:33+08:00 ] 127.0.0.1 /index.php/Category/Category_list
INFO: [ route_check ] --START--
INFO: CheckRoute Behavior ::run [ RunTime:0.000808s ]
INFO: [ route_check ] --END-- [ RunTime:0.000909s ]
INFO: [ app_begin ] --START--
INFO: ReadHtmlCache Behavior ::run [ RunTime:0.000687s ]
INFO: [ app_begin ] --END-- [ RunTime:0.000782s ]
SQL: SHOW COLUMNS FROM `category` [ RunTime:0.003650s ]
SQL: SELECT * FROM `category` WHERE ( siteid=1 )  [ RunTime:0.000332s ]
SQL: SHOW COLUMNS FROM `cm_table` [ RunTime:0.004235s ]
SQL: SELECT * FROM `cm_table` WHERE ( `table_name` = 'category' ) LIMIT 1   [ RunTime:0.000242s ]
SQL: SHOW COLUMNS FROM `cm_table_column` [ RunTime:0.003721s ]
SQL: SELECT * FROM `cm_table_column` WHERE ( `table_id` = 15 ) AND ( `column_type` = 'foreignKey' )  [ RunTime:0.000325s ]
NOTIC: [2] Invalid argument supplied for foreach() C:\wamp\www\thinkphpProject\mycms\ThinkPHP\Extend\Vendor\Form\TableList.php 第 690 行.
INFO: [ view_parse ] --START--
INFO: ParseTemplate Behavior ::run [ RunTime:0.010209s ]
INFO: [ view_parse ] --END-- [ RunTime:0.010319s ]
INFO: [ view_filter ] --START--
INFO: ContentReplace Behavior ::run [ RunTime:0.000625s ]
INFO: TokenBuild Behavior ::run [ RunTime:0.000524s ]
INFO: WriteHtmlCache Behavior ::run [ RunTime:0.000409s ]
INFO: ShowRuntime Behavior ::run [ RunTime:0.000651s ]
INFO: [ view_filter ] --END-- [ RunTime:0.002458s ]
INFO: [ view_end ] --START--
INFO: ShowPageTrace Behavior ::run [ RunTime:0.000684s ]
INFO: [ view_end ] --END-- [ RunTime:0.000768s ]

[ 2015-07-06T14:45:54+08:00 ] 127.0.0.1 /index.php/Website/Website_list
INFO: [ route_check ] --START--
INFO: CheckRoute Behavior ::run [ RunTime:0.000857s ]
INFO: [ route_check ] --END-- [ RunTime:0.000997s ]
INFO: [ app_begin ] --START--
INFO: ReadHtmlCache Behavior ::run [ RunTime:0.000567s ]
INFO: [ app_begin ] --END-- [ RunTime:0.000653s ]
SQL: SHOW COLUMNS FROM `cm_table` [ RunTime:0.003480s ]
SQL: SELECT * FROM `cm_table` WHERE ( `table_name` = 'website' ) LIMIT 1   [ RunTime:0.000263s ]
NOTIC: [2] Invalid argument supplied for foreach() C:\wamp\www\thinkphpProject\mycms\ThinkPHP\Extend\Vendor\Form\TableList.php 第 50 行.
SQL: SELECT * FROM `cm_table` WHERE ( `table_name` = 'Website' ) LIMIT 1   [ RunTime:0.000199s ]
NOTIC: [8] Undefined index: otherParams C:\wamp\www\thinkphpProject\mycms\ThinkPHP\Extend\Vendor\Form\TableList.php 第 27 行.
NOTIC: [8] Undefined index: otherParams C:\wamp\www\thinkphpProject\mycms\ThinkPHP\Extend\Vendor\Form\TableList.php 第 27 行.
SQL: SHOW COLUMNS FROM `cm_table_column` [ RunTime:0.003779s ]
SQL: SELECT * FROM `cm_table_column` WHERE ( `table_id` = 11 ) AND ( `is_search` = 1 )  [ RunTime:0.000556s ]
NOTIC: [2] Invalid argument supplied for foreach() C:\wamp\www\thinkphpProject\mycms\ThinkPHP\Extend\Vendor\Form\TableList.php 第 144 行.
SQL: SELECT * FROM `cm_table` WHERE ( table_name="Website" ) LIMIT 1   [ RunTime:0.000349s ]
SQL: SELECT * FROM `cm_table_column` WHERE ( table_id=11 AND is_list=1 ) ORDER BY cm_table_column_sort ASC,tab_col_id ASC  [ RunTime:0.000425s ]
SQL: SHOW COLUMNS FROM `website` [ RunTime:0.003552s ]
SQL: SELECT COUNT(*) AS tp_count FROM `website` LIMIT 1   [ RunTime:0.000230s ]
SQL: SELECT * FROM `website` ORDER BY website_sort LIMIT 0,12   [ RunTime:0.000274s ]
NOTIC: [8] Undefined index: otherParams C:\wamp\www\thinkphpProject\mycms\ThinkPHP\Extend\Vendor\Form\TableList.php 第 479 行.
NOTIC: [2] Invalid argument supplied for foreach() C:\wamp\www\thinkphpProject\mycms\ThinkPHP\Extend\Vendor\Form\TableList.php 第 479 行.
NOTIC: [8] Undefined index: otherParams C:\wamp\www\thinkphpProject\mycms\ThinkPHP\Extend\Vendor\Form\TableList.php 第 479 行.
NOTIC: [2] Invalid argument supplied for foreach() C:\wamp\www\thinkphpProject\mycms\ThinkPHP\Extend\Vendor\Form\TableList.php 第 479 行.
NOTIC: [8] Undefined index: otherParams C:\wamp\www\thinkphpProject\mycms\ThinkPHP\Extend\Vendor\Form\TableList.php 第 479 行.
NOTIC: [2] Invalid argument supplied for foreach() C:\wamp\www\thinkphpProject\mycms\ThinkPHP\Extend\Vendor\Form\TableList.php 第 479 行.
NOTIC: [8] Undefined index: otherParams C:\wamp\www\thinkphpProject\mycms\ThinkPHP\Extend\Vendor\Form\TableList.php 第 479 行.
NOTIC: [2] Invalid argument supplied for foreach() C:\wamp\www\thinkphpProject\mycms\ThinkPHP\Extend\Vendor\Form\TableList.php 第 479 行.
NOTIC: [8] Undefined index: otherParams C:\wamp\www\thinkphpProject\mycms\ThinkPHP\Extend\Vendor\Form\TableList.php 第 479 行.
NOTIC: [2] Invalid argument supplied for foreach() C:\wamp\www\thinkphpProject\mycms\ThinkPHP\Extend\Vendor\Form\TableList.php 第 479 行.
NOTIC: [8] Undefined index: otherParams C:\wamp\www\thinkphpProject\mycms\ThinkPHP\Extend\Vendor\Form\TableList.php 第 479 行.
NOTIC: [2] Invalid argument supplied for foreach() C:\wamp\www\thinkphpProject\mycms\ThinkPHP\Extend\Vendor\Form\TableList.php 第 479 行.
NOTIC: [8] Use of undefined constant __PUBLIC__ - assumed '__PUBLIC__' C:\wamp\www\thinkphpProject\mycms\ThinkPHP\Extend\Vendor\Form\TableList.php 第 499 行.
NOTIC: [8] Use of undefined constant __PUBLIC__ - assumed '__PUBLIC__' C:\wamp\www\thinkphpProject\mycms\ThinkPHP\Extend\Vendor\Form\TableList.php 第 500 行.
SQL: SELECT * FROM `cm_table` WHERE ( `table_name` = 'website' ) LIMIT 1   [ RunTime:0.000293s ]
SQL: SELECT * FROM `cm_table_column` WHERE ( `table_id` = 11 ) AND ( `column_type` = 'foreignKey' )  [ RunTime:0.000311s ]
NOTIC: [2] Invalid argument supplied for foreach() C:\wamp\www\thinkphpProject\mycms\ThinkPHP\Extend\Vendor\Form\TableList.php 第 690 行.
INFO: [ view_parse ] --START--
INFO: ParseTemplate Behavior ::run [ RunTime:0.007377s ]
INFO: [ view_parse ] --END-- [ RunTime:0.007494s ]
INFO: [ view_filter ] --START--
INFO: ContentReplace Behavior ::run [ RunTime:0.000535s ]
INFO: TokenBuild Behavior ::run [ RunTime:0.000428s ]
INFO: WriteHtmlCache Behavior ::run [ RunTime:0.000285s ]
INFO: ShowRuntime Behavior ::run [ RunTime:0.000457s ]
INFO: [ view_filter ] --END-- [ RunTime:0.001937s ]
INFO: [ view_end ] --START--
INFO: ShowPageTrace Behavior ::run [ RunTime:0.000525s ]
INFO: [ view_end ] --END-- [ RunTime:0.000605s ]

[ 2015-07-06T14:45:55+08:00 ] 127.0.0.1 /index.php/Category/Category_list
INFO: [ route_check ] --START--
INFO: CheckRoute Behavior ::run [ RunTime:0.000962s ]
INFO: [ route_check ] --END-- [ RunTime:0.001090s ]
INFO: [ app_begin ] --START--
INFO: ReadHtmlCache Behavior ::run [ RunTime:0.000735s ]
INFO: [ app_begin ] --END-- [ RunTime:0.000848s ]
SQL: SHOW COLUMNS FROM `category` [ RunTime:0.003679s ]
SQL: SELECT * FROM `category` WHERE ( siteid=1 )  [ RunTime:0.000379s ]
SQL: SHOW COLUMNS FROM `cm_table` [ RunTime:0.003623s ]
SQL: SELECT * FROM `cm_table` WHERE ( `table_name` = 'category' ) LIMIT 1   [ RunTime:0.000331s ]
SQL: SHOW COLUMNS FROM `cm_table_column` [ RunTime:0.004120s ]
SQL: SELECT * FROM `cm_table_column` WHERE ( `table_id` = 15 ) AND ( `column_type` = 'foreignKey' )  [ RunTime:0.000562s ]
NOTIC: [2] Invalid argument supplied for foreach() C:\wamp\www\thinkphpProject\mycms\ThinkPHP\Extend\Vendor\Form\TableList.php 第 690 行.
INFO: [ view_parse ] --START--
INFO: ParseTemplate Behavior ::run [ RunTime:0.009423s ]
INFO: [ view_parse ] --END-- [ RunTime:0.009533s ]
INFO: [ view_filter ] --START--
INFO: ContentReplace Behavior ::run [ RunTime:0.000829s ]
INFO: TokenBuild Behavior ::run [ RunTime:0.000685s ]
INFO: WriteHtmlCache Behavior ::run [ RunTime:0.002246s ]
INFO: ShowRuntime Behavior ::run [ RunTime:0.000780s ]
INFO: [ view_filter ] --END-- [ RunTime:0.004788s ]
INFO: [ view_end ] --START--
INFO: ShowPageTrace Behavior ::run [ RunTime:0.001105s ]
INFO: [ view_end ] --END-- [ RunTime:0.001198s ]

[ 2015-07-06T14:45:56+08:00 ] 127.0.0.1 /index.php/Content/module2actions/category_id/44
INFO: [ route_check ] --START--
INFO: CheckRoute Behavior ::run [ RunTime:0.000966s ]
INFO: [ route_check ] --END-- [ RunTime:0.001140s ]
INFO: [ app_begin ] --START--
INFO: ReadHtmlCache Behavior ::run [ RunTime:0.000766s ]
INFO: [ app_begin ] --END-- [ RunTime:0.000870s ]
NOTIC: [2048] Declaration of ContentAction::show() should be compatible with that of Action::show() C:\wamp\www\thinkphpProject\mycms\Admin\Lib\Action\ContentAction.class.php 第 3 行.
SQL: SHOW COLUMNS FROM `website` [ RunTime:0.003510s ]
SQL: SELECT * FROM `website` WHERE ( website_id=1 ) LIMIT 1   [ RunTime:0.000292s ]
SQL: SHOW COLUMNS FROM `web_baseinfo` [ RunTime:0.003258s ]
SQL: SELECT * FROM `web_baseinfo` WHERE ( `siteid` = '1' )  [ RunTime:0.000249s ]
SQL: SHOW COLUMNS FROM `category` [ RunTime:0.003445s ]
SQL: SELECT * FROM `category` WHERE ( category_id=44 ) LIMIT 1   [ RunTime:0.000277s ]
SQL: SELECT * FROM `category` WHERE ( category_id=44 ) LIMIT 1   [ RunTime:0.000220s ]
SQL: SHOW COLUMNS FROM `cm_table` [ RunTime:0.003161s ]
SQL: SELECT * FROM `cm_table` WHERE ( table_id=13 ) LIMIT 1   [ RunTime:0.000231s ]
SQL: SHOW COLUMNS FROM `article` [ RunTime:0.005171s ]

[ 2015-07-06T14:45:56+08:00 ] 127.0.0.1 /index.php/Article/Article_list/category_id/44/module_id/13.html
INFO: [ route_check ] --START--
INFO: CheckRoute Behavior ::run [ RunTime:0.000802s ]
INFO: [ route_check ] --END-- [ RunTime:0.000904s ]
INFO: [ app_begin ] --START--
INFO: ReadHtmlCache Behavior ::run [ RunTime:0.000672s ]
INFO: [ app_begin ] --END-- [ RunTime:0.000766s ]
SQL: SHOW COLUMNS FROM `cm_table` [ RunTime:0.005128s ]
SQL: SELECT * FROM `cm_table` WHERE ( `table_name` = 'article' ) LIMIT 1   [ RunTime:0.000285s ]
SQL: SHOW COLUMNS FROM `cm_table_column` [ RunTime:0.004258s ]
SQL: SELECT * FROM `cm_table_column` WHERE ( tab_col_id=82 ) LIMIT 1   [ RunTime:0.000349s ]
NOTIC: [8] Undefined index: title C:\wamp\www\thinkphpProject\mycms\ThinkPHP\Extend\Vendor\Form\TableList.php 第 57 行.
SQL: SELECT * FROM `cm_table_column` WHERE ( tab_col_id=83 ) LIMIT 1   [ RunTime:0.000259s ]
NOTIC: [8] Undefined index: keywords C:\wamp\www\thinkphpProject\mycms\ThinkPHP\Extend\Vendor\Form\TableList.php 第 57 行.
SQL: SELECT * FROM `cm_table` WHERE ( `table_name` = 'Article' ) LIMIT 1   [ RunTime:0.000211s ]
NOTIC: [8] Undefined index: otherParams C:\wamp\www\thinkphpProject\mycms\ThinkPHP\Extend\Vendor\Form\TableList.php 第 27 行.
NOTIC: [8] Undefined index: otherParams C:\wamp\www\thinkphpProject\mycms\ThinkPHP\Extend\Vendor\Form\TableList.php 第 27 行.
SQL: SELECT * FROM `cm_table_column` WHERE ( `table_id` = 13 ) AND ( `is_search` = 1 )  [ RunTime:0.000483s ]
NOTIC: [8] Undefined index: title C:\wamp\www\thinkphpProject\mycms\ThinkPHP\Extend\Vendor\Form\TableList.php 第 150 行.
NOTIC: [8] Undefined index: keywords C:\wamp\www\thinkphpProject\mycms\ThinkPHP\Extend\Vendor\Form\TableList.php 第 150 行.
SQL: SELECT * FROM `cm_table` WHERE ( table_name="Article" ) LIMIT 1   [ RunTime:0.000217s ]
SQL: SELECT * FROM `cm_table_column` WHERE ( table_id=13 AND is_list=1 ) ORDER BY cm_table_column_sort ASC,tab_col_id ASC  [ RunTime:0.000445s ]
SQL: SHOW COLUMNS FROM `article` [ RunTime:0.004189s ]
SQL: SELECT COUNT(*) AS tp_count FROM `article` WHERE ( `siteid` = '1' ) AND ( `cat_id` = 44 ) LIMIT 1   [ RunTime:0.000394s ]
SQL: SELECT * FROM `article` WHERE ( `siteid` = '1' ) AND ( `cat_id` = 44 ) ORDER BY article_sort LIMIT 0,12   [ RunTime:0.000309s ]
NOTIC: [2] Invalid argument supplied for foreach() C:\wamp\www\thinkphpProject\mycms\ThinkPHP\Extend\Vendor\Form\TableList.php 第 383 行.
NOTIC: [8] Use of undefined constant __PUBLIC__ - assumed '__PUBLIC__' C:\wamp\www\thinkphpProject\mycms\ThinkPHP\Extend\Vendor\Form\TableList.php 第 499 行.
NOTIC: [8] Use of undefined constant __PUBLIC__ - assumed '__PUBLIC__' C:\wamp\www\thinkphpProject\mycms\ThinkPHP\Extend\Vendor\Form\TableList.php 第 500 行.
SQL: SELECT * FROM `cm_table` WHERE ( `table_name` = 'article' ) LIMIT 1   [ RunTime:0.000232s ]
SQL: SELECT * FROM `cm_table_column` WHERE ( `table_id` = 13 ) AND ( `column_type` = 'foreignKey' )  [ RunTime:0.000364s ]
INFO: [ view_parse ] --START--
INFO: ParseTemplate Behavior ::run [ RunTime:0.017366s ]
INFO: [ view_parse ] --END-- [ RunTime:0.017472s ]
INFO: [ view_filter ] --START--
INFO: ContentReplace Behavior ::run [ RunTime:0.000534s ]
INFO: TokenBuild Behavior ::run [ RunTime:0.000518s ]
INFO: WriteHtmlCache Behavior ::run [ RunTime:0.000407s ]
INFO: ShowRuntime Behavior ::run [ RunTime:0.000589s ]
INFO: [ view_filter ] --END-- [ RunTime:0.002273s ]
INFO: [ view_end ] --START--
INFO: ShowPageTrace Behavior ::run [ RunTime:0.000990s ]
INFO: [ view_end ] --END-- [ RunTime:0.001120s ]

[ 2015-07-06T14:46:17+08:00 ] 127.0.0.1 /index.php/Category/Category_edit/category_id/104
INFO: [ route_check ] --START--
INFO: CheckRoute Behavior ::run [ RunTime:0.001558s ]
INFO: [ route_check ] --END-- [ RunTime:0.001751s ]
INFO: [ app_begin ] --START--
INFO: ReadHtmlCache Behavior ::run [ RunTime:0.001092s ]
INFO: [ app_begin ] --END-- [ RunTime:0.001264s ]
SQL: SHOW COLUMNS FROM `category` [ RunTime:0.004128s ]
SQL: SELECT * FROM `category` WHERE ( category_id=104 ) LIMIT 1   [ RunTime:0.000364s ]
SQL: SHOW COLUMNS FROM `cm_table` [ RunTime:0.003392s ]
SQL: SELECT * FROM `cm_table` WHERE ( table_name="category" ) LIMIT 1   [ RunTime:0.000350s ]
SQL: SHOW COLUMNS FROM `cm_table_column` [ RunTime:0.003745s ]
SQL: SELECT * FROM `cm_table_column` WHERE ( table_id=15 AND (is_add=1 OR column_type="primaryKey") ) ORDER BY cm_table_column_sort ASC,tab_col_id ASC  [ RunTime:0.000514s ]
INFO: [ view_parse ] --START--
INFO: ParseTemplate Behavior ::run [ RunTime:0.006809s ]
INFO: [ view_parse ] --END-- [ RunTime:0.006920s ]
INFO: [ view_filter ] --START--
INFO: ContentReplace Behavior ::run [ RunTime:0.000399s ]
INFO: TokenBuild Behavior ::run [ RunTime:0.000412s ]
INFO: WriteHtmlCache Behavior ::run [ RunTime:0.000296s ]
INFO: ShowRuntime Behavior ::run [ RunTime:0.000465s ]
INFO: [ view_filter ] --END-- [ RunTime:0.001798s ]
NOTIC: [8] Constant THEME_NAME already defined C:\wamp\www\thinkphpProject\mycms\ThinkPHP\Lib\Core\View.class.php 第 223 行.
NOTIC: [8] Constant THEME_PATH already defined C:\wamp\www\thinkphpProject\mycms\ThinkPHP\Lib\Core\View.class.php 第 174 行.
NOTIC: [8] Constant APP_TMPL_PATH already defined C:\wamp\www\thinkphpProject\mycms\ThinkPHP\Lib\Core\View.class.php 第 175 行.
INFO: [ view_parse ] --START--
INFO: ParseTemplate Behavior ::run [ RunTime:0.002280s ]
INFO: [ view_parse ] --END-- [ RunTime:-0.002430s ]
INFO: [ view_filter ] --START--
INFO: ContentReplace Behavior ::run [ RunTime:0.000069s ]
INFO: TokenBuild Behavior ::run [ RunTime:0.000074s ]
INFO: WriteHtmlCache Behavior ::run [ RunTime:0.000018s ]
INFO: ShowRuntime Behavior ::run [ RunTime:0.000114s ]
INFO: [ view_filter ] --END-- [ RunTime:-0.003013s ]
NOTIC: [8] Constant THEME_NAME already defined C:\wamp\www\thinkphpProject\mycms\ThinkPHP\Lib\Core\View.class.php 第 223 行.
NOTIC: [8] Constant THEME_PATH already defined C:\wamp\www\thinkphpProject\mycms\ThinkPHP\Lib\Core\View.class.php 第 174 行.
NOTIC: [8] Constant APP_TMPL_PATH already defined C:\wamp\www\thinkphpProject\mycms\ThinkPHP\Lib\Core\View.class.php 第 175 行.
INFO: [ view_parse ] --START--
INFO: ParseTemplate Behavior ::run [ RunTime:0.002546s ]
INFO: [ view_parse ] --END-- [ RunTime:-0.005906s ]
INFO: [ view_filter ] --START--
INFO: ContentReplace Behavior ::run [ RunTime:0.000072s ]
INFO: TokenBuild Behavior ::run [ RunTime:0.000074s ]
INFO: WriteHtmlCache Behavior ::run [ RunTime:0.000018s ]
INFO: ShowRuntime Behavior ::run [ RunTime:0.000114s ]
INFO: [ view_filter ] --END-- [ RunTime:-0.006761s ]
NOTIC: [8] Constant THEME_NAME already defined C:\wamp\www\thinkphpProject\mycms\ThinkPHP\Lib\Core\View.class.php 第 223 行.
NOTIC: [8] Constant THEME_PATH already defined C:\wamp\www\thinkphpProject\mycms\ThinkPHP\Lib\Core\View.class.php 第 174 行.
NOTIC: [8] Constant APP_TMPL_PATH already defined C:\wamp\www\thinkphpProject\mycms\ThinkPHP\Lib\Core\View.class.php 第 175 行.
INFO: [ view_parse ] --START--
INFO: ParseTemplate Behavior ::run [ RunTime:0.002736s ]
INFO: [ view_parse ] --END-- [ RunTime:-0.009971s ]
INFO: [ view_filter ] --START--
INFO: ContentReplace Behavior ::run [ RunTime:0.000071s ]
INFO: TokenBuild Behavior ::run [ RunTime:0.000075s ]
INFO: WriteHtmlCache Behavior ::run [ RunTime:0.000018s ]
INFO: ShowRuntime Behavior ::run [ RunTime:0.000114s ]
INFO: [ view_filter ] --END-- [ RunTime:-0.011003s ]
NOTIC: [8] Constant THEME_NAME already defined C:\wamp\www\thinkphpProject\mycms\ThinkPHP\Lib\Core\View.class.php 第 223 行.
NOTIC: [8] Constant THEME_PATH already defined C:\wamp\www\thinkphpProject\mycms\ThinkPHP\Lib\Core\View.class.php 第 174 行.
NOTIC: [8] Constant APP_TMPL_PATH already defined C:\wamp\www\thinkphpProject\mycms\ThinkPHP\Lib\Core\View.class.php 第 175 行.
INFO: [ view_parse ] --START--
INFO: ParseTemplate Behavior ::run [ RunTime:0.002423s ]
INFO: [ view_parse ] --END-- [ RunTime:-0.013905s ]
INFO: [ view_filter ] --START--
INFO: ContentReplace Behavior ::run [ RunTime:0.000069s ]
INFO: TokenBuild Behavior ::run [ RunTime:0.000074s ]
INFO: WriteHtmlCache Behavior ::run [ RunTime:0.000018s ]
INFO: ShowRuntime Behavior ::run [ RunTime:0.000115s ]
INFO: [ view_filter ] --END-- [ RunTime:-0.014621s ]
NOTIC: [8] Constant THEME_NAME already defined C:\wamp\www\thinkphpProject\mycms\ThinkPHP\Lib\Core\View.class.php 第 223 行.
NOTIC: [8] Constant THEME_PATH already defined C:\wamp\www\thinkphpProject\mycms\ThinkPHP\Lib\Core\View.class.php 第 174 行.
NOTIC: [8] Constant APP_TMPL_PATH already defined C:\wamp\www\thinkphpProject\mycms\ThinkPHP\Lib\Core\View.class.php 第 175 行.
INFO: [ view_parse ] --START--
INFO: ParseTemplate Behavior ::run [ RunTime:0.002364s ]
INFO: [ view_parse ] --END-- [ RunTime:-0.017695s ]
INFO: [ view_filter ] --START--
INFO: ContentReplace Behavior ::run [ RunTime:0.000066s ]
INFO: TokenBuild Behavior ::run [ RunTime:0.000073s ]
INFO: WriteHtmlCache Behavior ::run [ RunTime:0.000018s ]
INFO: ShowRuntime Behavior ::run [ RunTime:0.000113s ]
INFO: [ view_filter ] --END-- [ RunTime:-0.018348s ]
NOTIC: [8] Constant THEME_NAME already defined C:\wamp\www\thinkphpProject\mycms\ThinkPHP\Lib\Core\View.class.php 第 223 行.
NOTIC: [8] Constant THEME_PATH already defined C:\wamp\www\thinkphpProject\mycms\ThinkPHP\Lib\Core\View.class.php 第 174 行.
NOTIC: [8] Constant APP_TMPL_PATH already defined C:\wamp\www\thinkphpProject\mycms\ThinkPHP\Lib\Core\View.class.php 第 175 行.
INFO: [ view_parse ] --START--
INFO: ParseTemplate Behavior ::run [ RunTime:0.002727s ]
INFO: [ view_parse ] --END-- [ RunTime:-0.021415s ]
INFO: [ view_filter ] --START--
INFO: ContentReplace Behavior ::run [ RunTime:0.000066s ]
INFO: TokenBuild Behavior ::run [ RunTime:0.000073s ]
INFO: WriteHtmlCache Behavior ::run [ RunTime:0.000017s ]
INFO: ShowRuntime Behavior ::run [ RunTime:0.000113s ]
INFO: [ view_filter ] --END-- [ RunTime:-0.022430s ]
NOTIC: [8] Constant THEME_NAME already defined C:\wamp\www\thinkphpProject\mycms\ThinkPHP\Lib\Core\View.class.php 第 223 行.
NOTIC: [8] Constant THEME_PATH already defined C:\wamp\www\thinkphpProject\mycms\ThinkPHP\Lib\Core\View.class.php 第 174 行.
NOTIC: [8] Constant APP_TMPL_PATH already defined C:\wamp\www\thinkphpProject\mycms\ThinkPHP\Lib\Core\View.class.php 第 175 行.
INFO: [ view_parse ] --START--
INFO: ParseTemplate Behavior ::run [ RunTime:0.002899s ]
INFO: [ view_parse ] --END-- [ RunTime:-0.025324s ]
INFO: [ view_filter ] --START--
INFO: ContentReplace Behavior ::run [ RunTime:0.000074s ]
INFO: TokenBuild Behavior ::run [ RunTime:0.000075s ]
INFO: WriteHtmlCache Behavior ::run [ RunTime:0.000018s ]
INFO: ShowRuntime Behavior ::run [ RunTime:0.000114s ]
INFO: [ view_filter ] --END-- [ RunTime:-0.026526s ]
NOTIC: [8] Constant THEME_NAME already defined C:\wamp\www\thinkphpProject\mycms\ThinkPHP\Lib\Core\View.class.php 第 223 行.
NOTIC: [8] Constant THEME_PATH already defined C:\wamp\www\thinkphpProject\mycms\ThinkPHP\Lib\Core\View.class.php 第 174 行.
NOTIC: [8] Constant APP_TMPL_PATH already defined C:\wamp\www\thinkphpProject\mycms\ThinkPHP\Lib\Core\View.class.php 第 175 行.
INFO: [ view_parse ] --START--
INFO: ParseTemplate Behavior ::run [ RunTime:0.002357s ]
INFO: [ view_parse ] --END-- [ RunTime:-0.029499s ]
INFO: [ view_filter ] --START--
INFO: ContentReplace Behavior ::run [ RunTime:0.000066s ]
INFO: TokenBuild Behavior ::run [ RunTime:0.000072s ]
INFO: WriteHtmlCache Behavior ::run [ RunTime:0.000017s ]
INFO: ShowRuntime Behavior ::run [ RunTime:0.000111s ]
INFO: [ view_filter ] --END-- [ RunTime:-0.030144s ]
SQL: SELECT *  FROM  `cm_table` [ RunTime:0.000381s ]
NOTIC: [8] Constant THEME_NAME already defined C:\wamp\www\thinkphpProject\mycms\ThinkPHP\Lib\Core\View.class.php 第 223 行.
NOTIC: [8] Constant THEME_PATH already defined C:\wamp\www\thinkphpProject\mycms\ThinkPHP\Lib\Core\View.class.php 第 174 行.
NOTIC: [8] Constant APP_TMPL_PATH already defined C:\wamp\www\thinkphpProject\mycms\ThinkPHP\Lib\Core\View.class.php 第 175 行.
INFO: [ view_parse ] --START--
INFO: ParseTemplate Behavior ::run [ RunTime:0.002896s ]
INFO: [ view_parse ] --END-- [ RunTime:-0.033864s ]
INFO: [ view_filter ] --START--
INFO: ContentReplace Behavior ::run [ RunTime:0.000072s ]
INFO: TokenBuild Behavior ::run [ RunTime:0.000074s ]
INFO: WriteHtmlCache Behavior ::run [ RunTime:0.000018s ]
INFO: ShowRuntime Behavior ::run [ RunTime:0.000114s ]
INFO: [ view_filter ] --END-- [ RunTime:-0.035058s ]
NOTIC: [8] Constant THEME_NAME already defined C:\wamp\www\thinkphpProject\mycms\ThinkPHP\Lib\Core\View.class.php 第 223 行.
NOTIC: [8] Constant THEME_PATH already defined C:\wamp\www\thinkphpProject\mycms\ThinkPHP\Lib\Core\View.class.php 第 174 行.
NOTIC: [8] Constant APP_TMPL_PATH already defined C:\wamp\www\thinkphpProject\mycms\ThinkPHP\Lib\Core\View.class.php 第 175 行.
INFO: [ view_parse ] --START--
INFO: ParseTemplate Behavior ::run [ RunTime:0.002304s ]
INFO: [ view_parse ] --END-- [ RunTime:-0.037964s ]
INFO: [ view_filter ] --START--
INFO: ContentReplace Behavior ::run [ RunTime:0.000071s ]
INFO: TokenBuild Behavior ::run [ RunTime:0.000076s ]
INFO: WriteHtmlCache Behavior ::run [ RunTime:0.000017s ]
INFO: ShowRuntime Behavior ::run [ RunTime:0.000114s ]
INFO: [ view_filter ] --END-- [ RunTime:-0.038564s ]
SQL: SHOW COLUMNS FROM `category` [ RunTime:0.003580s ]
NOTIC: [8] Constant THEME_NAME already defined C:\wamp\www\thinkphpProject\mycms\ThinkPHP\Lib\Core\View.class.php 第 223 行.
NOTIC: [8] Constant THEME_PATH already defined C:\wamp\www\thinkphpProject\mycms\ThinkPHP\Lib\Core\View.class.php 第 174 行.
NOTIC: [8] Constant APP_TMPL_PATH already defined C:\wamp\www\thinkphpProject\mycms\ThinkPHP\Lib\Core\View.class.php 第 175 行.
INFO: [ view_parse ] --START--
INFO: ParseTemplate Behavior ::run [ RunTime:0.002550s ]
INFO: [ view_parse ] --END-- [ RunTime:-0.045789s ]
INFO: [ view_filter ] --START--
INFO: ContentReplace Behavior ::run [ RunTime:0.000068s ]
INFO: TokenBuild Behavior ::run [ RunTime:0.000073s ]
INFO: WriteHtmlCache Behavior ::run [ RunTime:0.000018s ]
INFO: ShowRuntime Behavior ::run [ RunTime:0.000112s ]
INFO: [ view_filter ] --END-- [ RunTime:-0.046628s ]
NOTIC: [8] Constant THEME_NAME already defined C:\wamp\www\thinkphpProject\mycms\ThinkPHP\Lib\Core\View.class.php 第 223 行.
NOTIC: [8] Constant THEME_PATH already defined C:\wamp\www\thinkphpProject\mycms\ThinkPHP\Lib\Core\View.class.php 第 174 行.
NOTIC: [8] Constant APP_TMPL_PATH already defined C:\wamp\www\thinkphpProject\mycms\ThinkPHP\Lib\Core\View.class.php 第 175 行.
INFO: [ view_parse ] --START--
INFO: ParseTemplate Behavior ::run [ RunTime:0.002539s ]
INFO: [ view_parse ] --END-- [ RunTime:-0.049502s ]
INFO: [ view_filter ] --START--
INFO: ContentReplace Behavior ::run [ RunTime:0.000067s ]
INFO: TokenBuild Behavior ::run [ RunTime:0.000073s ]
INFO: WriteHtmlCache Behavior ::run [ RunTime:0.000017s ]
INFO: ShowRuntime Behavior ::run [ RunTime:0.000113s ]
INFO: [ view_filter ] --END-- [ RunTime:-0.050327s ]
NOTIC: [8] Constant THEME_NAME already defined C:\wamp\www\thinkphpProject\mycms\ThinkPHP\Lib\Core\View.class.php 第 223 行.
NOTIC: [8] Constant THEME_PATH already defined C:\wamp\www\thinkphpProject\mycms\ThinkPHP\Lib\Core\View.class.php 第 174 行.
NOTIC: [8] Constant APP_TMPL_PATH already defined C:\wamp\www\thinkphpProject\mycms\ThinkPHP\Lib\Core\View.class.php 第 175 行.
INFO: [ view_parse ] --START--
INFO: ParseTemplate Behavior ::run [ RunTime:0.002281s ]
INFO: [ view_parse ] --END-- [ RunTime:-0.053196s ]
INFO: [ view_filter ] --START--
INFO: ContentReplace Behavior ::run [ RunTime:0.000065s ]
INFO: TokenBuild Behavior ::run [ RunTime:0.000073s ]
INFO: WriteHtmlCache Behavior ::run [ RunTime:0.000017s ]
INFO: ShowRuntime Behavior ::run [ RunTime:0.000114s ]
INFO: [ view_filter ] --END-- [ RunTime:-0.053758s ]
NOTIC: [8] Constant THEME_NAME already defined C:\wamp\www\thinkphpProject\mycms\ThinkPHP\Lib\Core\View.class.php 第 223 行.
NOTIC: [8] Constant THEME_PATH already defined C:\wamp\www\thinkphpProject\mycms\ThinkPHP\Lib\Core\View.class.php 第 174 行.
NOTIC: [8] Constant APP_TMPL_PATH already defined C:\wamp\www\thinkphpProject\mycms\ThinkPHP\Lib\Core\View.class.php 第 175 行.
INFO: [ view_parse ] --START--
INFO: ParseTemplate Behavior ::run [ RunTime:0.003344s ]
INFO: [ view_parse ] --END-- [ RunTime:-0.056946s ]
INFO: [ view_filter ] --START--
INFO: ContentReplace Behavior ::run [ RunTime:0.000075s ]
INFO: TokenBuild Behavior ::run [ RunTime:0.000073s ]
INFO: WriteHtmlCache Behavior ::run [ RunTime:0.000017s ]
INFO: ShowRuntime Behavior ::run [ RunTime:0.000113s ]
INFO: [ view_filter ] --END-- [ RunTime:-0.058592s ]
NOTIC: [8] Constant THEME_NAME already defined C:\wamp\www\thinkphpProject\mycms\ThinkPHP\Lib\Core\View.class.php 第 223 行.
NOTIC: [8] Constant THEME_PATH already defined C:\wamp\www\thinkphpProject\mycms\ThinkPHP\Lib\Core\View.class.php 第 174 行.
NOTIC: [8] Constant APP_TMPL_PATH already defined C:\wamp\www\thinkphpProject\mycms\ThinkPHP\Lib\Core\View.class.php 第 175 行.
INFO: [ view_parse ] --START--
INFO: ParseTemplate Behavior ::run [ RunTime:0.002374s ]
INFO: [ view_parse ] --END-- [ RunTime:-0.061520s ]
INFO: [ view_filter ] --START--
INFO: ContentReplace Behavior ::run [ RunTime:0.000065s ]
INFO: TokenBuild Behavior ::run [ RunTime:0.000072s ]
INFO: WriteHtmlCache Behavior ::run [ RunTime:0.000017s ]
INFO: ShowRuntime Behavior ::run [ RunTime:0.000113s ]
INFO: [ view_filter ] --END-- [ RunTime:-0.062179s ]
NOTIC: [8] Constant THEME_NAME already defined C:\wamp\www\thinkphpProject\mycms\ThinkPHP\Lib\Core\View.class.php 第 223 行.
NOTIC: [8] Constant THEME_PATH already defined C:\wamp\www\thinkphpProject\mycms\ThinkPHP\Lib\Core\View.class.php 第 174 行.
NOTIC: [8] Constant APP_TMPL_PATH already defined C:\wamp\www\thinkphpProject\mycms\ThinkPHP\Lib\Core\View.class.php 第 175 行.
INFO: [ view_parse ] --START--
INFO: ParseTemplate Behavior ::run [ RunTime:0.002452s ]
INFO: [ view_parse ] --END-- [ RunTime:-0.065241s ]
INFO: [ view_filter ] --START--
INFO: ContentReplace Behavior ::run [ RunTime:0.000066s ]
INFO: TokenBuild Behavior ::run [ RunTime:0.000071s ]
INFO: WriteHtmlCache Behavior ::run [ RunTime:0.000017s ]
INFO: ShowRuntime Behavior ::run [ RunTime:0.000113s ]
INFO: [ view_filter ] --END-- [ RunTime:-0.065974s ]
NOTIC: [8] Constant THEME_NAME already defined C:\wamp\www\thinkphpProject\mycms\ThinkPHP\Lib\Core\View.class.php 第 223 行.
NOTIC: [8] Constant THEME_PATH already defined C:\wamp\www\thinkphpProject\mycms\ThinkPHP\Lib\Core\View.class.php 第 174 行.
NOTIC: [8] Constant APP_TMPL_PATH already defined C:\wamp\www\thinkphpProject\mycms\ThinkPHP\Lib\Core\View.class.php 第 175 行.
INFO: [ view_parse ] --START--
INFO: ParseTemplate Behavior ::run [ RunTime:0.002709s ]
INFO: [ view_parse ] --END-- [ RunTime:-0.069027s ]
INFO: [ view_filter ] --START--
INFO: ContentReplace Behavior ::run [ RunTime:0.000067s ]
INFO: TokenBuild Behavior ::run [ RunTime:0.000074s ]
INFO: WriteHtmlCache Behavior ::run [ RunTime:0.000017s ]
INFO: ShowRuntime Behavior ::run [ RunTime:0.000112s ]
INFO: [ view_filter ] --END-- [ RunTime:-0.070019s ]
NOTIC: [8] Constant THEME_NAME already defined C:\wamp\www\thinkphpProject\mycms\ThinkPHP\Lib\Core\View.class.php 第 223 行.
NOTIC: [8] Constant THEME_PATH already defined C:\wamp\www\thinkphpProject\mycms\ThinkPHP\Lib\Core\View.class.php 第 174 行.
NOTIC: [8] Constant APP_TMPL_PATH already defined C:\wamp\www\thinkphpProject\mycms\ThinkPHP\Lib\Core\View.class.php 第 175 行.
INFO: [ view_parse ] --START--
INFO: ParseTemplate Behavior ::run [ RunTime:0.002830s ]
INFO: [ view_parse ] --END-- [ RunTime:-0.072917s ]
INFO: [ view_filter ] --START--
INFO: ContentReplace Behavior ::run [ RunTime:0.000073s ]
INFO: TokenBuild Behavior ::run [ RunTime:0.000074s ]
INFO: WriteHtmlCache Behavior ::run [ RunTime:0.000018s ]
INFO: ShowRuntime Behavior ::run [ RunTime:0.000113s ]
INFO: [ view_filter ] --END-- [ RunTime:-0.074168s ]
NOTIC: [8] Constant THEME_NAME already defined C:\wamp\www\thinkphpProject\mycms\ThinkPHP\Lib\Core\View.class.php 第 223 行.
NOTIC: [8] Constant THEME_PATH already defined C:\wamp\www\thinkphpProject\mycms\ThinkPHP\Lib\Core\View.class.php 第 174 行.
NOTIC: [8] Constant APP_TMPL_PATH already defined C:\wamp\www\thinkphpProject\mycms\ThinkPHP\Lib\Core\View.class.php 第 175 行.
INFO: [ view_parse ] --START--
INFO: ParseTemplate Behavior ::run [ RunTime:0.002353s ]
INFO: [ view_parse ] --END-- [ RunTime:-0.077125s ]
INFO: [ view_filter ] --START--
INFO: ContentReplace Behavior ::run [ RunTime:0.000066s ]
INFO: TokenBuild Behavior ::run [ RunTime:0.000073s ]
INFO: WriteHtmlCache Behavior ::run [ RunTime:0.000016s ]
INFO: ShowRuntime Behavior ::run [ RunTime:0.000111s ]
INFO: [ view_filter ] --END-- [ RunTime:-0.077760s ]
SQL: SELECT *  FROM  `cm_table` [ RunTime:0.000377s ]
NOTIC: [8] Constant THEME_NAME already defined C:\wamp\www\thinkphpProject\mycms\ThinkPHP\Lib\Core\View.class.php 第 223 行.
NOTIC: [8] Constant THEME_PATH already defined C:\wamp\www\thinkphpProject\mycms\ThinkPHP\Lib\Core\View.class.php 第 174 行.
NOTIC: [8] Constant APP_TMPL_PATH already defined C:\wamp\www\thinkphpProject\mycms\ThinkPHP\Lib\Core\View.class.php 第 175 行.
INFO: [ view_parse ] --START--
INFO: ParseTemplate Behavior ::run [ RunTime:0.002948s ]
INFO: [ view_parse ] --END-- [ RunTime:-0.081384s ]
INFO: [ view_filter ] --START--
INFO: ContentReplace Behavior ::run [ RunTime:0.000071s ]
INFO: TokenBuild Behavior ::run [ RunTime:0.000076s ]
INFO: WriteHtmlCache Behavior ::run [ RunTime:0.000017s ]
INFO: ShowRuntime Behavior ::run [ RunTime:0.000117s ]
INFO: [ view_filter ] --END-- [ RunTime:-0.082625s ]
NOTIC: [8] Constant THEME_NAME already defined C:\wamp\www\thinkphpProject\mycms\ThinkPHP\Lib\Core\View.class.php 第 223 行.
NOTIC: [8] Constant THEME_PATH already defined C:\wamp\www\thinkphpProject\mycms\ThinkPHP\Lib\Core\View.class.php 第 174 行.
NOTIC: [8] Constant APP_TMPL_PATH already defined C:\wamp\www\thinkphpProject\mycms\ThinkPHP\Lib\Core\View.class.php 第 175 行.
INFO: [ view_parse ] --START--
INFO: ParseTemplate Behavior ::run [ RunTime:0.002300s ]
INFO: [ view_parse ] --END-- [ RunTime:-0.085505s ]
INFO: [ view_filter ] --START--
INFO: ContentReplace Behavior ::run [ RunTime:0.000068s ]
INFO: TokenBuild Behavior ::run [ RunTime:0.000073s ]
INFO: WriteHtmlCache Behavior ::run [ RunTime:0.000020s ]
INFO: ShowRuntime Behavior ::run [ RunTime:0.000147s ]
INFO: [ view_filter ] --END-- [ RunTime:-0.086088s ]
SQL: SHOW COLUMNS FROM `category` [ RunTime:0.003831s ]
SQL: SELECT * FROM `category` WHERE ( siteid=1 )  [ RunTime:0.000361s ]
NOTIC: [8] Constant THEME_NAME already defined C:\wamp\www\thinkphpProject\mycms\ThinkPHP\Lib\Core\View.class.php 第 223 行.
NOTIC: [8] Constant THEME_PATH already defined C:\wamp\www\thinkphpProject\mycms\ThinkPHP\Lib\Core\View.class.php 第 174 行.
NOTIC: [8] Constant APP_TMPL_PATH already defined C:\wamp\www\thinkphpProject\mycms\ThinkPHP\Lib\Core\View.class.php 第 175 行.
INFO: [ view_parse ] --START--
INFO: ParseTemplate Behavior ::run [ RunTime:0.009474s ]
INFO: [ view_parse ] --END-- [ RunTime:-0.094485s ]
INFO: [ view_filter ] --START--
INFO: ContentReplace Behavior ::run [ RunTime:0.000129s ]
INFO: TokenBuild Behavior ::run [ RunTime:0.000124s ]
INFO: WriteHtmlCache Behavior ::run [ RunTime:0.000018s ]
INFO: ShowRuntime Behavior ::run [ RunTime:0.000141s ]
INFO: [ view_filter ] --END-- [ RunTime:-0.102267s ]
INFO: [ view_end ] --START--
INFO: ShowPageTrace Behavior ::run [ RunTime:0.000872s ]
INFO: [ view_end ] --END-- [ RunTime:0.000961s ]

[ 2015-07-06T14:46:20+08:00 ] 127.0.0.1 /index.php/Category/Category_list
INFO: [ route_check ] --START--
INFO: CheckRoute Behavior ::run [ RunTime:0.000682s ]
INFO: [ route_check ] --END-- [ RunTime:0.000785s ]
INFO: [ app_begin ] --START--
INFO: ReadHtmlCache Behavior ::run [ RunTime:0.000531s ]
INFO: [ app_begin ] --END-- [ RunTime:0.000613s ]
SQL: SHOW COLUMNS FROM `category` [ RunTime:0.003607s ]
SQL: SELECT * FROM `category` WHERE ( siteid=1 )  [ RunTime:0.000359s ]
SQL: SHOW COLUMNS FROM `cm_table` [ RunTime:0.003264s ]
SQL: SELECT * FROM `cm_table` WHERE ( `table_name` = 'category' ) LIMIT 1   [ RunTime:0.000274s ]
SQL: SHOW COLUMNS FROM `cm_table_column` [ RunTime:0.004221s ]
SQL: SELECT * FROM `cm_table_column` WHERE ( `table_id` = 15 ) AND ( `column_type` = 'foreignKey' )  [ RunTime:0.000365s ]
NOTIC: [2] Invalid argument supplied for foreach() C:\wamp\www\thinkphpProject\mycms\ThinkPHP\Extend\Vendor\Form\TableList.php 第 690 行.
INFO: [ view_parse ] --START--
INFO: ParseTemplate Behavior ::run [ RunTime:0.008210s ]
INFO: [ view_parse ] --END-- [ RunTime:0.008324s ]
INFO: [ view_filter ] --START--
INFO: ContentReplace Behavior ::run [ RunTime:0.000489s ]
INFO: TokenBuild Behavior ::run [ RunTime:0.000505s ]
INFO: WriteHtmlCache Behavior ::run [ RunTime:0.000312s ]
INFO: ShowRuntime Behavior ::run [ RunTime:0.000491s ]
INFO: [ view_filter ] --END-- [ RunTime:0.002026s ]
INFO: [ view_end ] --START--
INFO: ShowPageTrace Behavior ::run [ RunTime:0.000663s ]
INFO: [ view_end ] --END-- [ RunTime:0.000752s ]

[ 2015-07-06T14:46:25+08:00 ] 127.0.0.1 /index.php/Content/lists/cat_id/96
INFO: [ route_check ] --START--
INFO: CheckRoute Behavior ::run [ RunTime:0.000742s ]
INFO: [ route_check ] --END-- [ RunTime:0.000842s ]
INFO: [ app_begin ] --START--
INFO: ReadHtmlCache Behavior ::run [ RunTime:0.000572s ]
INFO: [ app_begin ] --END-- [ RunTime:0.000657s ]
NOTIC: [2048] Declaration of ContentAction::show() should be compatible with that of Action::show() C:\wamp\www\thinkphpProject\mycms\Admin\Lib\Action\ContentAction.class.php 第 3 行.
SQL: SHOW COLUMNS FROM `website` [ RunTime:0.003457s ]
SQL: SELECT * FROM `website` WHERE ( website_id=1 ) LIMIT 1   [ RunTime:0.000257s ]
SQL: SHOW COLUMNS FROM `category` [ RunTime:0.003351s ]
SQL: SELECT * FROM `category` WHERE ( category_id=96 ) LIMIT 1   [ RunTime:0.000259s ]
SQL: SELECT * FROM `category` WHERE ( category_id=47 ) LIMIT 1   [ RunTime:0.000215s ]
SQL: SHOW COLUMNS FROM `web_baseinfo` [ RunTime:0.003433s ]
SQL: SELECT * FROM `web_baseinfo` WHERE ( `siteid` = '1' )  [ RunTime:0.000226s ]
SQL: SELECT * FROM `category` WHERE ( category_id=96 ) LIMIT 1   [ RunTime:0.000243s ]
SQL: SELECT * FROM `category` WHERE ( category_id=47 ) LIMIT 1   [ RunTime:0.000228s ]
SQL: SELECT * FROM `category` WHERE ( category_id=96 ) LIMIT 1   [ RunTime:0.000205s ]
SQL: SELECT * FROM `category` WHERE ( `category_id` = 96 ) LIMIT 1   [ RunTime:0.000188s ]
SQL: SELECT * FROM `category` WHERE ( parent_id=96 ) LIMIT 1   [ RunTime:0.000202s ]
SQL: SELECT * FROM `category` WHERE ( category_id=96 ) LIMIT 1   [ RunTime:0.000204s ]
SQL: SELECT * FROM `category` WHERE ( category_id=47 ) LIMIT 1   [ RunTime:0.000194s ]
SQL: SELECT * FROM `category` WHERE ( category_id=47 ) LIMIT 1   [ RunTime:0.000189s ]
INFO: [ view_parse ] --START--
SQL: SELECT * FROM `category` WHERE ( category_id=96 ) LIMIT 1   [ RunTime:0.000340s ]
SQL: SELECT * FROM `category` WHERE ( category_id=47 ) LIMIT 1   [ RunTime:0.000198s ]
SQL: SELECT * FROM `category` WHERE ( `parent_id` = 47 )  [ RunTime:0.000575s ]
NOTIC: [8] Use of undefined constant category_id - assumed 'category_id' C:\wamp\www\thinkphpProject\mycms\Admin\Runtime\Cache\d54ca0614032a46cc3d815ef1d588f6a.php 第 117 行.
NOTIC: [8] Use of undefined constant category_id - assumed 'category_id' C:\wamp\www\thinkphpProject\mycms\Admin\Runtime\Cache\d54ca0614032a46cc3d815ef1d588f6a.php 第 117 行.
NOTIC: [8] Use of undefined constant category_id - assumed 'category_id' C:\wamp\www\thinkphpProject\mycms\Admin\Runtime\Cache\d54ca0614032a46cc3d815ef1d588f6a.php 第 117 行.
NOTIC: [8] Use of undefined constant category_id - assumed 'category_id' C:\wamp\www\thinkphpProject\mycms\Admin\Runtime\Cache\d54ca0614032a46cc3d815ef1d588f6a.php 第 117 行.
NOTIC: [8] Use of undefined constant category_id - assumed 'category_id' C:\wamp\www\thinkphpProject\mycms\Admin\Runtime\Cache\d54ca0614032a46cc3d815ef1d588f6a.php 第 117 行.
SQL: SHOW COLUMNS FROM `cm_table` [ RunTime:0.003550s ]
SQL: SELECT * FROM `cm_table` WHERE ( table_id=25 ) LIMIT 1   [ RunTime:0.000208s ]
SQL: SHOW COLUMNS FROM `advertise` [ RunTime:0.003120s ]
SQL: SELECT COUNT(*) AS tp_count FROM `advertise` WHERE ( siteid=1 AND advertise_id=3 ) ORDER BY advertise_sort ASC,advertise_id DESC LIMIT 1   [ RunTime:0.000242s ]
SQL: SELECT * FROM `advertise` WHERE ( siteid=1 AND advertise_id=3 ) ORDER BY advertise_sort ASC,advertise_id DESC LIMIT 0,100   [ RunTime:0.000160s ]
NOTIC: [8] Undefined variable: ad_img_url C:\wamp\www\thinkphpProject\mycms\Admin\Runtime\Cache\d54ca0614032a46cc3d815ef1d588f6a.php 第 130 行.
NOTIC: [8] Undefined variable: ad_img_href C:\wamp\www\thinkphpProject\mycms\Admin\Runtime\Cache\d54ca0614032a46cc3d815ef1d588f6a.php 第 130 行.
SQL: SELECT * FROM `category` WHERE ( category_id=96 ) LIMIT 1   [ RunTime:0.000152s ]
SQL: SELECT * FROM `category` WHERE ( `parent_id` = 96 )  [ RunTime:0.000166s ]
SQL: SELECT * FROM `category` WHERE ( category_id=96 ) LIMIT 1   [ RunTime:0.000153s ]
SQL: SELECT * FROM `category` WHERE ( category_id=47 ) LIMIT 1   [ RunTime:0.000151s ]
SQL: SELECT * FROM `category` WHERE ( category_id=47 ) LIMIT 1   [ RunTime:0.000144s ]
SQL: SELECT * FROM `cm_table` WHERE ( table_id=23 ) LIMIT 1   [ RunTime:0.000171s ]
SQL: SHOW COLUMNS FROM `catalog` [ RunTime:0.003677s ]
SQL: SELECT COUNT(*) AS tp_count FROM `catalog` WHERE ( `cat_id` IN ('96') ) ORDER BY catalog_sort ASC LIMIT 1   [ RunTime:0.000313s ]
SQL: SELECT * FROM `catalog` WHERE ( `cat_id` IN ('96') ) ORDER BY catalog_sort ASC LIMIT 0,50   [ RunTime:0.000236s ]
NOTIC: [8] Use of undefined constant catalog_id - assumed 'catalog_id' C:\wamp\www\thinkphpProject\mycms\Admin\Runtime\Cache\d54ca0614032a46cc3d815ef1d588f6a.php 第 143 行.
NOTIC: [8] Use of undefined constant cat_id - assumed 'cat_id' C:\wamp\www\thinkphpProject\mycms\Admin\Runtime\Cache\d54ca0614032a46cc3d815ef1d588f6a.php 第 143 行.
SQL: SHOW COLUMNS FROM `product` [ RunTime:0.003433s ]
SQL: SELECT * FROM `product` WHERE ( `product_id` = 31 ) LIMIT 1   [ RunTime:0.000237s ]
NOTIC: [8] Use of undefined constant catalog_id - assumed 'catalog_id' C:\wamp\www\thinkphpProject\mycms\Admin\Runtime\Cache\d54ca0614032a46cc3d815ef1d588f6a.php 第 143 行.
NOTIC: [8] Use of undefined constant cat_id - assumed 'cat_id' C:\wamp\www\thinkphpProject\mycms\Admin\Runtime\Cache\d54ca0614032a46cc3d815ef1d588f6a.php 第 143 行.
SQL: SELECT * FROM `product` WHERE ( `product_id` = 16 ) LIMIT 1   [ RunTime:0.000209s ]
NOTIC: [8] Use of undefined constant catalog_id - assumed 'catalog_id' C:\wamp\www\thinkphpProject\mycms\Admin\Runtime\Cache\d54ca0614032a46cc3d815ef1d588f6a.php 第 143 行.
NOTIC: [8] Use of undefined constant cat_id - assumed 'cat_id' C:\wamp\www\thinkphpProject\mycms\Admin\Runtime\Cache\d54ca0614032a46cc3d815ef1d588f6a.php 第 143 行.
SQL: SELECT * FROM `product` WHERE ( `product_id` = 56 ) LIMIT 1   [ RunTime:0.000185s ]
NOTIC: [8] Use of undefined constant catalog_id - assumed 'catalog_id' C:\wamp\www\thinkphpProject\mycms\Admin\Runtime\Cache\d54ca0614032a46cc3d815ef1d588f6a.php 第 143 行.
NOTIC: [8] Use of undefined constant cat_id - assumed 'cat_id' C:\wamp\www\thinkphpProject\mycms\Admin\Runtime\Cache\d54ca0614032a46cc3d815ef1d588f6a.php 第 143 行.
INFO: ParseTemplate Behavior ::run [ RunTime:0.036975s ]
INFO: [ view_parse ] --END-- [ RunTime:0.037062s ]
INFO: [ view_filter ] --START--
INFO: ContentReplace Behavior ::run [ RunTime:0.000534s ]
INFO: TokenBuild Behavior ::run [ RunTime:0.000401s ]
INFO: WriteHtmlCache Behavior ::run [ RunTime:0.000288s ]
INFO: ShowRuntime Behavior ::run [ RunTime:0.000462s ]
INFO: [ view_filter ] --END-- [ RunTime:0.001907s ]
INFO: [ view_end ] --START--
INFO: ShowPageTrace Behavior ::run [ RunTime:0.000647s ]
INFO: [ view_end ] --END-- [ RunTime:0.000728s ]

[ 2015-07-06T14:46:48+08:00 ] 127.0.0.1 /index.php/Content/lists/cat_id/117
INFO: [ route_check ] --START--
INFO: CheckRoute Behavior ::run [ RunTime:0.001100s ]
INFO: [ route_check ] --END-- [ RunTime:0.001277s ]
INFO: [ app_begin ] --START--
INFO: ReadHtmlCache Behavior ::run [ RunTime:0.000700s ]
INFO: [ app_begin ] --END-- [ RunTime:0.000819s ]
NOTIC: [2048] Declaration of ContentAction::show() should be compatible with that of Action::show() C:\wamp\www\thinkphpProject\mycms\Admin\Lib\Action\ContentAction.class.php 第 3 行.
SQL: SHOW COLUMNS FROM `website` [ RunTime:0.003233s ]
SQL: SELECT * FROM `website` WHERE ( website_id=1 ) LIMIT 1   [ RunTime:0.000208s ]
SQL: SHOW COLUMNS FROM `category` [ RunTime:0.003311s ]
SQL: SELECT * FROM `category` WHERE ( category_id=117 ) LIMIT 1   [ RunTime:0.000236s ]
SQL: SHOW COLUMNS FROM `web_baseinfo` [ RunTime:0.003180s ]
SQL: SELECT * FROM `web_baseinfo` WHERE ( `siteid` = '1' )  [ RunTime:0.000195s ]
SQL: SELECT * FROM `category` WHERE ( category_id=117 ) LIMIT 1   [ RunTime:0.000160s ]
SQL: SELECT * FROM `category` WHERE ( category_id=117 ) LIMIT 1   [ RunTime:0.000144s ]
NOTIC: [2] Invalid argument supplied for foreach() C:\wamp\www\thinkphpProject\mycms\Admin\Lib\Action\ContentAction.class.php 第 134 行.
SQL: SELECT * FROM `category` WHERE ( `category_id` = 117 ) LIMIT 1   [ RunTime:0.000145s ]
SQL: SELECT * FROM `category` WHERE ( parent_id= ) LIMIT 1   [ RunTime:0.000085s ]
ERR: 1064:You have an error in your SQL syntax; check the manual that corresponds to your MySQL server version for the right syntax to use near ') LIMIT 1' at line 1
 [ SQL语句 ] : SELECT * FROM `category` WHERE ( parent_id= ) LIMIT 1  
ERR: 模板不存在[./Admin/Tpl/Templates/default/.html]

[ 2015-07-06T14:46:59+08:00 ] 127.0.0.1 /index.php/Content/lists/cat_id/111
INFO: [ route_check ] --START--
INFO: CheckRoute Behavior ::run [ RunTime:0.000906s ]
INFO: [ route_check ] --END-- [ RunTime:0.001010s ]
INFO: [ app_begin ] --START--
INFO: ReadHtmlCache Behavior ::run [ RunTime:0.000714s ]
INFO: [ app_begin ] --END-- [ RunTime:0.000798s ]
NOTIC: [2048] Declaration of ContentAction::show() should be compatible with that of Action::show() C:\wamp\www\thinkphpProject\mycms\Admin\Lib\Action\ContentAction.class.php 第 3 行.
SQL: SHOW COLUMNS FROM `website` [ RunTime:0.003654s ]
SQL: SELECT * FROM `website` WHERE ( website_id=1 ) LIMIT 1   [ RunTime:0.000264s ]
SQL: SHOW COLUMNS FROM `category` [ RunTime:0.003465s ]
SQL: SELECT * FROM `category` WHERE ( category_id=111 ) LIMIT 1   [ RunTime:0.000264s ]
SQL: SHOW COLUMNS FROM `web_baseinfo` [ RunTime:0.003201s ]
SQL: SELECT * FROM `web_baseinfo` WHERE ( `siteid` = '1' )  [ RunTime:0.000240s ]
SQL: SELECT * FROM `category` WHERE ( category_id=111 ) LIMIT 1   [ RunTime:0.000208s ]
SQL: SELECT * FROM `category` WHERE ( category_id=111 ) LIMIT 1   [ RunTime:0.000190s ]
NOTIC: [2] Invalid argument supplied for foreach() C:\wamp\www\thinkphpProject\mycms\Admin\Lib\Action\ContentAction.class.php 第 134 行.
SQL: SELECT * FROM `category` WHERE ( `category_id` = 111 ) LIMIT 1   [ RunTime:0.000215s ]
SQL: SELECT * FROM `category` WHERE ( parent_id= ) LIMIT 1   [ RunTime:0.000149s ]
ERR: 1064:You have an error in your SQL syntax; check the manual that corresponds to your MySQL server version for the right syntax to use near ') LIMIT 1' at line 1
 [ SQL语句 ] : SELECT * FROM `category` WHERE ( parent_id= ) LIMIT 1  
ERR: 模板不存在[./Admin/Tpl/Templates/default/.html]

[ 2015-07-06T15:20:26+08:00 ] 127.0.0.1 /index.php/Content/lists/cat_id/105
INFO: [ route_check ] --START--
INFO: CheckRoute Behavior ::run [ RunTime:0.001728s ]
INFO: [ route_check ] --END-- [ RunTime:0.001926s ]
INFO: [ app_begin ] --START--
INFO: ReadHtmlCache Behavior ::run [ RunTime:0.014666s ]
INFO: [ app_begin ] --END-- [ RunTime:0.014854s ]
NOTIC: [2048] Declaration of ContentAction::show() should be compatible with that of Action::show() C:\wamp\www\thinkphpProject\mycms\Admin\Lib\Action\ContentAction.class.php 第 3 行.
SQL: SHOW COLUMNS FROM `website` [ RunTime:0.012888s ]
SQL: SELECT * FROM `website` ORDER BY website_id ASC  [ RunTime:0.000561s ]
SQL: SELECT * FROM `website` WHERE ( website_id=1 ) LIMIT 1   [ RunTime:0.000458s ]
SQL: SELECT * FROM `website` WHERE ( `website_id` = 1 ) LIMIT 1   [ RunTime:0.000312s ]
SQL: SHOW COLUMNS FROM `category` [ RunTime:0.008296s ]
SQL: SELECT * FROM `category` WHERE ( category_id=105 ) LIMIT 1   [ RunTime:0.000593s ]
SQL: SHOW COLUMNS FROM `web_baseinfo` [ RunTime:0.012665s ]
SQL: SELECT * FROM `web_baseinfo` WHERE ( `siteid` = '1' )  [ RunTime:0.001074s ]
SQL: SELECT * FROM `category` WHERE ( category_id=105 ) LIMIT 1   [ RunTime:0.000371s ]
SQL: SELECT * FROM `category` WHERE ( category_id=105 ) LIMIT 1   [ RunTime:0.000493s ]
SQL: SELECT * FROM `category` WHERE ( `category_id` = 105 ) LIMIT 1   [ RunTime:0.000417s ]
SQL: SELECT * FROM `category` WHERE ( parent_id=105 ) LIMIT 1   [ RunTime:0.000424s ]
INFO: [ view_parse ] --START--
SQL: SELECT * FROM `category` WHERE ( category_id=105 ) LIMIT 1   [ RunTime:0.006340s ]
SQL: SELECT * FROM `category` WHERE ( `parent_id` = 105 )  [ RunTime:0.000458s ]
SQL: SELECT * FROM `category` WHERE ( category_id=105 ) LIMIT 1   [ RunTime:0.000411s ]
SQL: SELECT * FROM `category` WHERE ( category_id=105 ) LIMIT 1   [ RunTime:0.000398s ]
SQL: SHOW COLUMNS FROM `cm_table` [ RunTime:0.009320s ]
SQL: SELECT * FROM `cm_table` WHERE ( table_id=13 ) LIMIT 1   [ RunTime:0.000391s ]
SQL: SHOW COLUMNS FROM `article` [ RunTime:0.008851s ]
SQL: SELECT COUNT(*) AS tp_count FROM `article` WHERE ( `cat_id` IN ('105') ) ORDER BY article_sort ASC LIMIT 1   [ RunTime:0.000466s ]
SQL: SELECT * FROM `article` WHERE ( `cat_id` IN ('105') ) ORDER BY article_sort ASC LIMIT 0,10   [ RunTime:0.001853s ]
INFO: ParseTemplate Behavior ::run [ RunTime:0.053596s ]
INFO: [ view_parse ] --END-- [ RunTime:0.053747s ]
INFO: [ view_filter ] --START--
INFO: ContentReplace Behavior ::run [ RunTime:0.001122s ]
INFO: TokenBuild Behavior ::run [ RunTime:0.001090s ]
INFO: WriteHtmlCache Behavior ::run [ RunTime:0.000932s ]
INFO: ShowRuntime Behavior ::run [ RunTime:0.001254s ]
INFO: [ view_filter ] --END-- [ RunTime:0.004830s ]
INFO: [ view_end ] --START--
INFO: ShowPageTrace Behavior ::run [ RunTime:0.001345s ]
INFO: [ view_end ] --END-- [ RunTime:0.001503s ]

